#
# A fatal error has been detected by the Java Runtime Environment:
#
#  EXCEPTION_ACCESS_VIOLATION (0xc0000005) at pc=0x00007ffb4ae21968, pid=33564, tid=36856
#
# JRE version: Java(TM) SE Runtime Environment (18.0.2.1+1) (build 18.0.2.1+1-1)
# Java VM: Java HotSpot(TM) 64-Bit Server VM (18.0.2.1+1-1, mixed mode, sharing, tiered, compressed oops, compressed class ptrs, g1 gc, windows-amd64)
# Problematic frame:
# V  [jvm.dll+0x401968]
#
# No core dump will be written. Minidumps are not enabled by default on client versions of Windows
#
# If you would like to submit a bug report, please visit:
#   https://bugreport.java.com/bugreport/crash.jsp
#

---------------  S U M M A R Y ------------

Command Line: -agentlib:jdwp=transport=dt_socket,address=127.0.0.1:60901,suspend=y,server=n -javaagent:C:/Users/choug/.gradle/caches/modules-2/files-2.1/org.jetbrains.kotlinx/kotlinx-coroutines-core-jvm/1.6.4/2c997cd1c0ef33f3e751d3831929aeff1390cb30/kotlinx-coroutines-core-jvm-1.6.4.jar -javaagent:C:\Users\choug\AppData\Local\JetBrains\IntelliJIdea2023.3\captureAgent\debugger-agent.jar=file:/C:/Users/choug/AppData/Local/Temp/capture.props -Dfile.encoding=UTF-8 -Dsun.stdout.encoding=UTF-8 -Dsun.stderr.encoding=UTF-8 MainKt

Host: 13th Gen Intel(R) Core(TM) i7-13800H, 20 cores, 31G,  Windows 11 , 64 bit Build 22621 (10.0.22621.3235)
Time: Fri Mar 22 10:45:21 2024  Windows 11 , 64 bit Build 22621 (10.0.22621.3235) elapsed time: 1.566114 seconds (0d 0h 0m 1s)

---------------  T H R E A D  ---------------

Current thread (0x0000018abd368f60):  JavaThread "AWT-EventQueue-0" [_thread_in_vm, id=36856, stack(0x0000006fbd400000,0x0000006fbd500000)]

Stack: [0x0000006fbd400000,0x0000006fbd500000],  sp=0x0000006fbd4fd180,  free space=1012k
Native frames: (J=compiled Java code, j=interpreted, Vv=VM code, C=native code)
V  [jvm.dll+0x401968]
C  [skiko-windows-x64.dll+0x57cfc]

Java frames: (J=compiled Java code, j=interpreted, Vv=VM code)
j  org.jetbrains.skiko.redrawer.Direct3DRedrawer.initSwapChain(J)V+0
j  org.jetbrains.skiko.redrawer.Direct3DRedrawer.initSwapChain()V+5
j  org.jetbrains.skiko.context.Direct3DContextHandler.initCanvas()V+106
j  org.jetbrains.skiko.context.ContextHandler.draw()V+21
j  org.jetbrains.skiko.redrawer.Direct3DRedrawer.drawAndSwap(Z)V+21
j  org.jetbrains.skiko.redrawer.Direct3DRedrawer.redrawImmediately()V+180
j  org.jetbrains.skiko.SkiaLayer.paint(Ljava/awt/Graphics;)V+102
j  androidx.compose.ui.awt.ComposeLayer$ComponentImpl.paint(Ljava/awt/Graphics;)V+12
j  javax.swing.JComponent.paintChildren(Ljava/awt/Graphics;)V+516 java.desktop@18.0.2.1
j  javax.swing.JComponent.paint(Ljava/awt/Graphics;)V+318 java.desktop@18.0.2.1
j  javax.swing.JLayeredPane.paint(Ljava/awt/Graphics;)V+73 java.desktop@18.0.2.1
j  javax.swing.JComponent.paintChildren(Ljava/awt/Graphics;)V+516 java.desktop@18.0.2.1
j  javax.swing.JComponent.paint(Ljava/awt/Graphics;)V+318 java.desktop@18.0.2.1
j  androidx.compose.ui.window.Window_desktopKt$Window$11$1.invoke(Landroidx/compose/ui/awt/ComposeWindow;)V+75
j  androidx.compose.ui.window.Window_desktopKt$Window$11$1.invoke(Ljava/lang/Object;)Ljava/lang/Object;+5
j  androidx.compose.ui.window.AwtWindow_desktopKt$AwtWindow$3.invoke()V+13
j  androidx.compose.ui.window.AwtWindow_desktopKt$AwtWindow$3.invoke()Ljava/lang/Object;+1
j  androidx.compose.ui.util.UpdateEffect_desktopKt$UpdateEffect$2$performUpdate$1.invoke()V+7
j  androidx.compose.ui.util.UpdateEffect_desktopKt$UpdateEffect$2$performUpdate$1.invoke()Ljava/lang/Object;+1
j  androidx.compose.runtime.snapshots.Snapshot$Companion.observe(Lkotlin/jvm/functions/Function1;Lkotlin/jvm/functions/Function1;Lkotlin/jvm/functions/Function0;)Ljava/lang/Object;+108
j  androidx.compose.runtime.snapshots.SnapshotStateObserver$observeReads$1$1.invoke()V+15
j  androidx.compose.runtime.snapshots.SnapshotStateObserver$observeReads$1$1.invoke()Ljava/lang/Object;+1
j  androidx.compose.runtime.SnapshotStateKt__DerivedStateKt.observeDerivedStateRecalculations(Lkotlin/jvm/functions/Function1;Lkotlin/jvm/functions/Function1;Lkotlin/jvm/functions/Function0;)V+94
j  androidx.compose.runtime.SnapshotStateKt.observeDerivedStateRecalculations(Lkotlin/jvm/functions/Function1;Lkotlin/jvm/functions/Function1;Lkotlin/jvm/functions/Function0;)V+3
j  androidx.compose.runtime.snapshots.SnapshotStateObserver.observeReads(Ljava/lang/Object;Lkotlin/jvm/functions/Function1;Lkotlin/jvm/functions/Function0;)V+180
j  androidx.compose.ui.util.UpdateEffect_desktopKt$UpdateEffect$2.invoke$performUpdate(Landroidx/compose/runtime/snapshots/SnapshotStateObserver;Lkotlin/jvm/internal/Ref$ObjectRef;Landroidx/compose/runtime/State;)V+38
j  androidx.compose.ui.util.UpdateEffect_desktopKt$UpdateEffect$2.invoke(Landroidx/compose/runtime/DisposableEffectScope;)Landroidx/compose/runtime/DisposableEffectResult;+59
j  androidx.compose.ui.util.UpdateEffect_desktopKt$UpdateEffect$2.invoke(Ljava/lang/Object;)Ljava/lang/Object;+5
j  androidx.compose.runtime.DisposableEffectImpl.onRemembered()V+8
j  androidx.compose.runtime.CompositionImpl$RememberEventDispatcher.dispatchRememberObservers()V+234
j  androidx.compose.runtime.CompositionImpl.applyChangesInLocked(Ljava/util/List;)V+246
j  androidx.compose.runtime.CompositionImpl.applyChanges()V+38
j  androidx.compose.runtime.Recomposer.composeInitial$runtime(Landroidx/compose/runtime/ControlledComposition;Lkotlin/jvm/functions/Function2;)V+267
j  androidx.compose.runtime.CompositionImpl.setContent(Lkotlin/jvm/functions/Function2;)V+55
j  androidx.compose.ui.window.Application_desktopKt$awaitApplication$2$1$2.invokeSuspend(Ljava/lang/Object;)Ljava/lang/Object;+89
j  kotlin.coroutines.jvm.internal.BaseContinuationImpl.resumeWith(Ljava/lang/Object;)V+44
j  kotlinx.coroutines.DispatchedTask.run()V+314
j  java.awt.event.InvocationEvent.dispatch$$$capture()V+47 java.desktop@18.0.2.1
j  java.awt.event.InvocationEvent.dispatch()V+5 java.desktop@18.0.2.1
j  java.awt.EventQueue.dispatchEventImpl(Ljava/awt/AWTEvent;Ljava/lang/Object;)V+21 java.desktop@18.0.2.1
j  java.awt.EventQueue$4.run()Ljava/lang/Void;+32 java.desktop@18.0.2.1
j  java.awt.EventQueue$4.run()Ljava/lang/Object;+1 java.desktop@18.0.2.1
j  java.security.AccessController.executePrivileged(Ljava/security/PrivilegedAction;Ljava/security/AccessControlContext;Ljava/lang/Class;)Ljava/lang/Object;+29 java.base@18.0.2.1
j  java.security.AccessController.doPrivileged(Ljava/security/PrivilegedAction;Ljava/security/AccessControlContext;)Ljava/lang/Object;+13 java.base@18.0.2.1
j  java.security.ProtectionDomain$JavaSecurityAccessImpl.doIntersectionPrivilege(Ljava/security/PrivilegedAction;Ljava/security/AccessControlContext;Ljava/security/AccessControlContext;)Ljava/lang/Object;+18 java.base@18.0.2.1
j  java.awt.EventQueue.dispatchEvent(Ljava/awt/AWTEvent;)V+46 java.desktop@18.0.2.1
j  java.awt.EventDispatchThread.pumpOneEventForFilters(I)V+78 java.desktop@18.0.2.1
j  java.awt.EventDispatchThread.pumpEventsForFilter(ILjava/awt/Conditional;Ljava/awt/EventFilter;)V+35 java.desktop@18.0.2.1
j  java.awt.EventDispatchThread.pumpEventsForHierarchy(ILjava/awt/Conditional;Ljava/awt/Component;)V+11 java.desktop@18.0.2.1
j  java.awt.EventDispatchThread.pumpEvents(ILjava/awt/Conditional;)V+4 java.desktop@18.0.2.1
j  java.awt.EventDispatchThread.pumpEvents(Ljava/awt/Conditional;)V+3 java.desktop@18.0.2.1
j  java.awt.EventDispatchThread.run()V+9 java.desktop@18.0.2.1
v  ~StubRoutines::call_stub

siginfo: EXCEPTION_ACCESS_VIOLATION (0xc0000005), reading address 0x0000000000000000


Register to memory mapping:

RIP=0x00007ffb4ae21968 jvm.dll
RAX=0x0 is NULL
RBX=0x0000018abd368f60 is a thread
RCX=0xedb1f9b7b62f0000 is an unknown value
RDX=0x0000018ab56b0208 is a global jni handle
RSP=0x0000006fbd4fd180 is pointing into the stack for thread: 0x0000018abd368f60
RBP=0x0000006fbd4fd278 is pointing into the stack for thread: 0x0000018abd368f60
RSI=0x0 is NULL
RDI=0x0000018abd3691f0 points into unknown readable memory: 0x00007ffb4b4e4720 | 20 47 4e 4b fb 7f 00 00
R8 =0x0 is NULL
R9 =0x0000018abd367b80 points into unknown readable memory: 0x0000000000000002 | 02 00 00 00 00 00 00 00
R10=0x0000018abd368f60 is a thread
R11=0x0000006fbd4fd178 is pointing into the stack for thread: 0x0000018abd368f60
R12=0x0 is NULL
R13={method} {0x0000018ab92bba88} 'initSwapChain' '(J)V' in 'org/jetbrains/skiko/redrawer/Direct3DRedrawer'
R14=0x0000006fbd4fd460 is pointing into the stack for thread: 0x0000018abd368f60
R15=0x0000018abd368f60 is a thread


Registers:
RAX=0x0000000000000000, RBX=0x0000018abd368f60, RCX=0xedb1f9b7b62f0000, RDX=0x0000018ab56b0208
RSP=0x0000006fbd4fd180, RBP=0x0000006fbd4fd278, RSI=0x0000000000000000, RDI=0x0000018abd3691f0
R8 =0x0000000000000000, R9 =0x0000018abd367b80, R10=0x0000018abd368f60, R11=0x0000006fbd4fd178
R12=0x0000000000000000, R13=0x0000018ab92bba80, R14=0x0000006fbd4fd460, R15=0x0000018abd368f60
RIP=0x00007ffb4ae21968, EFLAGS=0x0000000000010202

Top of Stack: (sp=0x0000006fbd4fd180)
0x0000006fbd4fd180:   0000018abd368f60 0000000000000084
0x0000006fbd4fd190:   0000006fbd4fd218 0000006fbd4fd290
0x0000006fbd4fd1a0:   0000018abccbae30 0000000000000740
0x0000006fbd4fd1b0:   0000006fbd4fd460 0000018abd368f60
0x0000006fbd4fd1c0:   0000006fbd4fd290 00007ffb4ae4a896
0x0000006fbd4fd1d0:   0000018abd368f60 0000018abccbae28
0x0000006fbd4fd1e0:   0000006f00000450 00007ffb4b3566d0
0x0000006fbd4fd1f0:   0000018abd368f60 0000006fbd4fd460
0x0000006fbd4fd200:   0000006fbd4fd290 00007ffb4ae25941
0x0000006fbd4fd210:   0000018abd368f60 0000006fbd4fd430
0x0000006fbd4fd220:   0000006fbd4fd460 00007ffb37167cfc
0x0000006fbd4fd230:   0000018abd3691f0 0000006fbd4fd430
0x0000006fbd4fd240:   0000018ab95f7e80 0000018abd85b924
0x0000006fbd4fd250:   0000018abd85b924 00007ffb371681bc
0x0000006fbd4fd260:   0000018abd3691f0 0000018ab95f7e80
0x0000006fbd4fd270:   0000000000000000 0000018abd33ed78 

Instructions: (pc=0x00007ffb4ae21968)
0x00007ffb4ae21868:   4b 10 48 8b 43 08 48 8b d7 48 89 48 10 48 8b 4b
0x00007ffb4ae21878:   08 48 8b 43 18 48 89 41 18 48 8b 4b 08 48 8b 43
0x00007ffb4ae21888:   20 48 89 41 20 48 8d 8f 70 02 00 00 e8 07 5f ee
0x00007ffb4ae21898:   ff c7 87 30 03 00 00 04 00 00 00 48 81 c4 b0 00
0x00007ffb4ae218a8:   00 00 41 5e 5f 5e 5d 5b c3 cc cc cc cc cc cc cc
0x00007ffb4ae218b8:   cc cc cc cc cc cc cc cc 48 89 5c 24 08 48 89 6c
0x00007ffb4ae218c8:   24 10 48 89 74 24 18 48 89 7c 24 20 41 56 48 81
0x00007ffb4ae218d8:   ec a0 00 00 00 8b 81 c8 00 00 00 48 8d 99 70 fd
0x00007ffb4ae218e8:   ff ff 05 55 21 ff ff 49 8b e9 49 8b f0 48 8b f9
0x00007ffb4ae218f8:   83 f8 01 76 0a 48 8b cb e8 2b f8 39 00 33 db c7
0x00007ffb4ae21908:   83 30 03 00 00 06 00 00 00 e8 da 8e 28 00 48 8b
0x00007ffb4ae21918:   83 38 03 00 00 a8 01 74 0a b2 01 48 8b cb e8 55
0x00007ffb4ae21928:   72 2f 00 8b 83 20 03 00 00 a8 0d 74 0a 33 d2 48
0x00007ffb4ae21938:   8b cb e8 01 1f 3a 00 48 83 7b 08 00 c7 83 30 03
0x00007ffb4ae21948:   00 00 06 00 00 00 48 89 5c 24 50 48 c7 44 24 58
0x00007ffb4ae21958:   00 00 00 00 74 0a 48 8d 4c 24 50 e8 58 21 2c 00
0x00007ffb4ae21968:   48 8b 16 48 8d 4c 24 70 c7 44 24 40 0e 00 00 00
0x00007ffb4ae21978:   e8 23 c1 00 00 48 8d 44 24 70 48 89 5c 24 30 48
0x00007ffb4ae21988:   89 44 24 28 4c 8d 35 c5 4d 53 00 45 33 c9 48 89
0x00007ffb4ae21998:   74 24 20 45 33 c0 4c 89 74 24 70 48 8d 54 24 40
0x00007ffb4ae219a8:   48 89 ac 24 98 00 00 00 48 8b cf e8 68 d4 00 00
0x00007ffb4ae219b8:   48 83 7c 24 58 00 4c 89 74 24 70 48 c7 84 24 98
0x00007ffb4ae219c8:   00 00 00 00 00 00 00 74 0a 48 8d 4c 24 50 e8 65
0x00007ffb4ae219d8:   21 2c 00 48 8b bb d0 00 00 00 48 8b 4f 10 48 83
0x00007ffb4ae219e8:   39 00 74 0c 48 8b cf e8 9c b3 f6 ff 48 8b 4f 10
0x00007ffb4ae219f8:   48 8b 47 08 48 8b d3 48 89 48 10 48 8b 4f 08 48
0x00007ffb4ae21a08:   8b 47 18 48 89 41 18 48 8b 4f 08 48 8b 47 20 48
0x00007ffb4ae21a18:   89 41 20 48 8d 8b 70 02 00 00 e8 79 5d ee ff 4c
0x00007ffb4ae21a28:   8d 9c 24 a0 00 00 00 c7 83 30 03 00 00 04 00 00
0x00007ffb4ae21a38:   00 49 8b 5b 10 49 8b 6b 18 49 8b 73 20 49 8b 7b
0x00007ffb4ae21a48:   28 49 8b e3 41 5e c3 cc 48 89 5c 24 08 48 89 6c
0x00007ffb4ae21a58:   24 10 48 89 74 24 18 57 48 81 ec a0 00 00 00 8b 


Stack slot to memory mapping:
stack at sp + 0 slots: 0x0000018abd368f60 is a thread
stack at sp + 1 slots: 0x0000000000000084 is an unknown value
stack at sp + 2 slots: 0x0000006fbd4fd218 is pointing into the stack for thread: 0x0000018abd368f60
stack at sp + 3 slots: 0x0000006fbd4fd290 is pointing into the stack for thread: 0x0000018abd368f60
stack at sp + 4 slots: 0x0000018abccbae30 points into unknown readable memory: 0x000000061ee51bc8 | c8 1b e5 1e 06 00 00 00
stack at sp + 5 slots: 0x0000000000000740 is an unknown value
stack at sp + 6 slots: 0x0000006fbd4fd460 is pointing into the stack for thread: 0x0000018abd368f60
stack at sp + 7 slots: 0x0000018abd368f60 is a thread


---------------  P R O C E S S  ---------------

Threads class SMR info:
_java_thread_list=0x0000018abdadc380, length=29, elements={
0x0000018a8b165090, 0x0000018abc843730, 0x0000018ab56a2590, 0x0000018ab56bf960,
0x0000018ab56c0300, 0x0000018ab56c2cb0, 0x0000018ab56c4570, 0x0000018ab56c5150,
0x0000018ab56c5a40, 0x0000018abc84c3b0, 0x0000018abc91e080, 0x0000018abc952de0,
0x0000018abc9536f0, 0x0000018abc97be40, 0x0000018abcb56d50, 0x0000018abcb08b50,
0x0000018abcd5b650, 0x0000018abcc4a1c0, 0x0000018abd32fb90, 0x0000018abd332060,
0x0000018abd368f60, 0x0000018abd80a750, 0x0000018abd778e20, 0x0000018abd842b10,
0x0000018abd9615c0, 0x0000018abd960280, 0x0000018ac253bae0, 0x0000018abd95ef40,
0x0000018abd961a90
}

Java Threads: ( => current thread )
  0x0000018a8b165090 JavaThread "main" [_thread_blocked, id=37312, stack(0x0000006fbb500000,0x0000006fbb600000)]
  0x0000018abc843730 JavaThread "Reference Handler" daemon [_thread_blocked, id=21224, stack(0x0000006fbbc00000,0x0000006fbbd00000)]
  0x0000018ab56a2590 JavaThread "Finalizer" daemon [_thread_blocked, id=23144, stack(0x0000006fbbd00000,0x0000006fbbe00000)]
  0x0000018ab56bf960 JavaThread "Signal Dispatcher" daemon [_thread_blocked, id=30256, stack(0x0000006fbbe00000,0x0000006fbbf00000)]
  0x0000018ab56c0300 JavaThread "Attach Listener" daemon [_thread_blocked, id=26188, stack(0x0000006fbbf00000,0x0000006fbc000000)]
  0x0000018ab56c2cb0 JavaThread "Service Thread" daemon [_thread_blocked, id=22304, stack(0x0000006fbc000000,0x0000006fbc100000)]
  0x0000018ab56c4570 JavaThread "Monitor Deflation Thread" daemon [_thread_blocked, id=14320, stack(0x0000006fbc100000,0x0000006fbc200000)]
  0x0000018ab56c5150 JavaThread "C2 CompilerThread0" daemon [_thread_blocked, id=11900, stack(0x0000006fbc200000,0x0000006fbc300000)]
  0x0000018ab56c5a40 JavaThread "C1 CompilerThread0" daemon [_thread_blocked, id=6660, stack(0x0000006fbc300000,0x0000006fbc400000)]
  0x0000018abc84c3b0 JavaThread "Sweeper thread" daemon [_thread_blocked, id=36980, stack(0x0000006fbc400000,0x0000006fbc500000)]
  0x0000018abc91e080 JavaThread "Common-Cleaner" daemon [_thread_blocked, id=35924, stack(0x0000006fbc500000,0x0000006fbc600000)]
  0x0000018abc952de0 JavaThread "C1 CompilerThread1" daemon [_thread_blocked, id=26696, stack(0x0000006fbc600000,0x0000006fbc700000)]
  0x0000018abc9536f0 JavaThread "C1 CompilerThread2" daemon [_thread_blocked, id=31920, stack(0x0000006fbc700000,0x0000006fbc800000)]
  0x0000018abc97be40 JavaThread "C1 CompilerThread3" daemon [_thread_blocked, id=5904, stack(0x0000006fbc800000,0x0000006fbc900000)]
  0x0000018abcb56d50 JavaThread "JDWP Event Helper Thread" daemon [_thread_blocked, id=26684, stack(0x0000006fbcb00000,0x0000006fbcc00000)]
  0x0000018abcb08b50 JavaThread "C2 CompilerThread1" daemon [_thread_blocked, id=25052, stack(0x0000006fbc900000,0x0000006fbca00000)]
  0x0000018abcd5b650 JavaThread "Coroutines Debugger Cleaner" daemon [_thread_blocked, id=16968, stack(0x0000006fbce00000,0x0000006fbcf00000)]
  0x0000018abcc4a1c0 JavaThread "Notification Thread" daemon [_thread_blocked, id=22180, stack(0x0000006fbcf00000,0x0000006fbd000000)]
  0x0000018abd32fb90 JavaThread "Java2D Disposer" daemon [_thread_blocked, id=8836, stack(0x0000006fbd100000,0x0000006fbd200000)]
  0x0000018abd332060 JavaThread "AWT-Shutdown" [_thread_blocked, id=19584, stack(0x0000006fbd200000,0x0000006fbd300000)]
=>0x0000018abd368f60 JavaThread "AWT-EventQueue-0" [_thread_in_vm, id=36856, stack(0x0000006fbd400000,0x0000006fbd500000)]
  0x0000018abd80a750 JavaThread "Reference Cleaner" daemon [_thread_blocked, id=3068, stack(0x0000006fbe100000,0x0000006fbe200000)]
  0x0000018abd778e20 JavaThread "DefaultDispatcher-worker-1" daemon [_thread_blocked, id=20816, stack(0x0000006fbe200000,0x0000006fbe300000)]
  0x0000018abd842b10 JavaThread "DefaultDispatcher-worker-2" daemon [_thread_blocked, id=5788, stack(0x0000006fbe300000,0x0000006fbe400000)]
  0x0000018abd9615c0 JavaThread "DefaultDispatcher-worker-3" daemon [_thread_blocked, id=20332, stack(0x0000006fbe400000,0x0000006fbe500000)]
  0x0000018abd960280 JavaThread "kotlinx.coroutines.DefaultExecutor" daemon [_thread_blocked, id=24880, stack(0x0000006fbe500000,0x0000006fbe600000)]
  0x0000018ac253bae0 JavaThread "C2 CompilerThread2" daemon [_thread_blocked, id=30944, stack(0x0000006fbcd00000,0x0000006fbce00000)]
  0x0000018abd95ef40 JavaThread "SIGINT handler" daemon [_thread_blocked, id=31480, stack(0x0000006fbca00000,0x0000006fbcb00000)]
  0x0000018abd961a90 JavaThread "ToolkitShutdown" daemon [_thread_in_native, id=32376, stack(0x0000006fbec00000,0x0000006fbed00000)]

Other Threads:
  0x0000018a8b20d690 VMThread "VM Thread" [stack: 0x0000006fbbb00000,0x0000006fbbc00000] [id=17736]
  0x0000018abcd5bbd0 WatcherThread "VM Periodic Task Thread" [stack: 0x0000006fbd000000,0x0000006fbd100000] [id=2784]
  0x0000018ab5510c10 WorkerThread "GC Thread#0" [stack: 0x0000006fbb600000,0x0000006fbb700000] [id=12852]
  0x0000018abd3ea150 WorkerThread "GC Thread#1" [stack: 0x0000006fbd500000,0x0000006fbd600000] [id=33600]
  0x0000018abd3ea3f0 WorkerThread "GC Thread#2" [stack: 0x0000006fbd600000,0x0000006fbd700000] [id=31640]
  0x0000018abd3ea690 WorkerThread "GC Thread#3" [stack: 0x0000006fbd700000,0x0000006fbd800000] [id=28168]
  0x0000018abd3ea930 WorkerThread "GC Thread#4" [stack: 0x0000006fbd800000,0x0000006fbd900000] [id=16320]
  0x0000018abd3eabd0 WorkerThread "GC Thread#5" [stack: 0x0000006fbd900000,0x0000006fbda00000] [id=16740]
  0x0000018abd3eae70 WorkerThread "GC Thread#6" [stack: 0x0000006fbda00000,0x0000006fbdb00000] [id=19280]
  0x0000018abd3b8440 WorkerThread "GC Thread#7" [stack: 0x0000006fbdb00000,0x0000006fbdc00000] [id=3648]
  0x0000018abd3b86e0 WorkerThread "GC Thread#8" [stack: 0x0000006fbdc00000,0x0000006fbdd00000] [id=8832]
  0x0000018abd3b8980 WorkerThread "GC Thread#9" [stack: 0x0000006fbdd00000,0x0000006fbde00000] [id=5344]
  0x0000018abd3b8c20 WorkerThread "GC Thread#10" [stack: 0x0000006fbde00000,0x0000006fbdf00000] [id=24212]
  0x0000018abd3cffa0 WorkerThread "GC Thread#11" [stack: 0x0000006fbdf00000,0x0000006fbe000000] [id=27804]
  0x0000018abd3d14a0 WorkerThread "GC Thread#12" [stack: 0x0000006fbe000000,0x0000006fbe100000] [id=1864]
  0x0000018abd3cf7c0 WorkerThread "GC Thread#13" [stack: 0x0000006fbe600000,0x0000006fbe700000] [id=14472]
  0x0000018abd3d04e0 WorkerThread "GC Thread#14" [stack: 0x0000006fbe700000,0x0000006fbe800000] [id=23128]
  0x0000018a8b1e8270 ConcurrentGCThread "G1 Main Marker" [stack: 0x0000006fbb700000,0x0000006fbb800000] [id=15428]
  0x0000018a8b1e8c60 WorkerThread "G1 Conc#0" [stack: 0x0000006fbb800000,0x0000006fbb900000] [id=13164]
  0x0000018ab555cbb0 ConcurrentGCThread "G1 Refine#0" [stack: 0x0000006fbb900000,0x0000006fbba00000] [id=29180]
  0x0000018ab555f4d0 ConcurrentGCThread "G1 Service" [stack: 0x0000006fbba00000,0x0000006fbbb00000] [id=36248]

Threads with active compile tasks:

VM state: not at safepoint (normal execution)

VM Mutex/Monitor currently owned by a thread: None

Heap address: 0x0000000602800000, size: 8152 MB, Compressed Oops mode: Zero based, Oop shift amount: 3

CDS archive(s) mapped at: [0x0000000800000000-0x0000000800ba0000-0x0000000800ba0000), size 12189696, SharedBaseAddress: 0x0000000800000000, ArchiveRelocationMode: 0.
Compressed class space mapped at: 0x0000000800c00000-0x0000000840c00000, reserved size: 1073741824
Narrow klass base: 0x0000000800000000, Narrow klass shift: 0, Narrow klass range: 0x100000000

GC Precious Log:
 CardTable entry size: 512
 Card Set container configuration: InlinePtr #cards 4 size 8 Array Of Cards #cards 32 size 80 Howl #buckets 8 coarsen threshold 7372 Howl Bitmap #cards 1024 size 144 coarsen threshold 921 Card regions per heap region 1 cards per card region 8192
 CPUs: 20 total, 20 available
 Memory: 32592M
 Large Page Support: Disabled
 NUMA Support: Disabled
 Compressed Oops: Enabled (Zero based)
 Heap Region Size: 4M
 Heap Min Capacity: 8M
 Heap Initial Capacity: 512M
 Heap Max Capacity: 8152M
 Pre-touch: Disabled
 Parallel Workers: 15
 Concurrent Workers: 4
 Concurrent Refinement Workers: 15
 Periodic GC: Disabled

Heap:
 garbage-first heap   total 524288K, used 54444K [0x0000000602800000, 0x0000000800000000)
  region size 4096K, 15 young (61440K), 1 survivors (4096K)
 Metaspace       used 20683K, committed 20928K, reserved 1114112K
  class space    used 2099K, committed 2240K, reserved 1048576K

Heap Regions: E=young(eden), S=young(survivor), O=old, HS=humongous(starts), HC=humongous(continues), CS=collection set, F=free, OA=open archive, CA=closed archive, TAMS=top-at-mark-start (previous, next)
|   0|0x0000000602800000, 0x0000000602c00000, 0x0000000602c00000|100%| O|  |TAMS 0x0000000602800000, 0x0000000602800000| Untracked 
|   1|0x0000000602c00000, 0x0000000602c44800, 0x0000000603000000|  6%| O|  |TAMS 0x0000000602c00000, 0x0000000602c00000| Untracked 
|   2|0x0000000603000000, 0x0000000603000000, 0x0000000603400000|  0%| F|  |TAMS 0x0000000603000000, 0x0000000603000000| Untracked 
|   3|0x0000000603400000, 0x0000000603400000, 0x0000000603800000|  0%| F|  |TAMS 0x0000000603400000, 0x0000000603400000| Untracked 
|   4|0x0000000603800000, 0x0000000603800000, 0x0000000603c00000|  0%| F|  |TAMS 0x0000000603800000, 0x0000000603800000| Untracked 
|   5|0x0000000603c00000, 0x0000000603c00000, 0x0000000604000000|  0%| F|  |TAMS 0x0000000603c00000, 0x0000000603c00000| Untracked 
|   6|0x0000000604000000, 0x0000000604000000, 0x0000000604400000|  0%| F|  |TAMS 0x0000000604000000, 0x0000000604000000| Untracked 
|   7|0x0000000604400000, 0x0000000604400000, 0x0000000604800000|  0%| F|  |TAMS 0x0000000604400000, 0x0000000604400000| Untracked 
|   8|0x0000000604800000, 0x0000000604800000, 0x0000000604c00000|  0%| F|  |TAMS 0x0000000604800000, 0x0000000604800000| Untracked 
|   9|0x0000000604c00000, 0x0000000604c00000, 0x0000000605000000|  0%| F|  |TAMS 0x0000000604c00000, 0x0000000604c00000| Untracked 
|  10|0x0000000605000000, 0x0000000605000000, 0x0000000605400000|  0%| F|  |TAMS 0x0000000605000000, 0x0000000605000000| Untracked 
|  11|0x0000000605400000, 0x0000000605400000, 0x0000000605800000|  0%| F|  |TAMS 0x0000000605400000, 0x0000000605400000| Untracked 
|  12|0x0000000605800000, 0x0000000605800000, 0x0000000605c00000|  0%| F|  |TAMS 0x0000000605800000, 0x0000000605800000| Untracked 
|  13|0x0000000605c00000, 0x0000000605c00000, 0x0000000606000000|  0%| F|  |TAMS 0x0000000605c00000, 0x0000000605c00000| Untracked 
|  14|0x0000000606000000, 0x0000000606000000, 0x0000000606400000|  0%| F|  |TAMS 0x0000000606000000, 0x0000000606000000| Untracked 
|  15|0x0000000606400000, 0x0000000606400000, 0x0000000606800000|  0%| F|  |TAMS 0x0000000606400000, 0x0000000606400000| Untracked 
|  16|0x0000000606800000, 0x0000000606800000, 0x0000000606c00000|  0%| F|  |TAMS 0x0000000606800000, 0x0000000606800000| Untracked 
|  17|0x0000000606c00000, 0x0000000606c00000, 0x0000000607000000|  0%| F|  |TAMS 0x0000000606c00000, 0x0000000606c00000| Untracked 
|  18|0x0000000607000000, 0x0000000607000000, 0x0000000607400000|  0%| F|  |TAMS 0x0000000607000000, 0x0000000607000000| Untracked 
|  19|0x0000000607400000, 0x0000000607400000, 0x0000000607800000|  0%| F|  |TAMS 0x0000000607400000, 0x0000000607400000| Untracked 
|  20|0x0000000607800000, 0x0000000607800000, 0x0000000607c00000|  0%| F|  |TAMS 0x0000000607800000, 0x0000000607800000| Untracked 
|  21|0x0000000607c00000, 0x0000000607c00000, 0x0000000608000000|  0%| F|  |TAMS 0x0000000607c00000, 0x0000000607c00000| Untracked 
|  22|0x0000000608000000, 0x0000000608000000, 0x0000000608400000|  0%| F|  |TAMS 0x0000000608000000, 0x0000000608000000| Untracked 
|  23|0x0000000608400000, 0x0000000608400000, 0x0000000608800000|  0%| F|  |TAMS 0x0000000608400000, 0x0000000608400000| Untracked 
|  24|0x0000000608800000, 0x0000000608800000, 0x0000000608c00000|  0%| F|  |TAMS 0x0000000608800000, 0x0000000608800000| Untracked 
|  25|0x0000000608c00000, 0x0000000608c00000, 0x0000000609000000|  0%| F|  |TAMS 0x0000000608c00000, 0x0000000608c00000| Untracked 
|  26|0x0000000609000000, 0x0000000609000000, 0x0000000609400000|  0%| F|  |TAMS 0x0000000609000000, 0x0000000609000000| Untracked 
|  27|0x0000000609400000, 0x0000000609400000, 0x0000000609800000|  0%| F|  |TAMS 0x0000000609400000, 0x0000000609400000| Untracked 
|  28|0x0000000609800000, 0x0000000609800000, 0x0000000609c00000|  0%| F|  |TAMS 0x0000000609800000, 0x0000000609800000| Untracked 
|  29|0x0000000609c00000, 0x0000000609c00000, 0x000000060a000000|  0%| F|  |TAMS 0x0000000609c00000, 0x0000000609c00000| Untracked 
|  30|0x000000060a000000, 0x000000060a000000, 0x000000060a400000|  0%| F|  |TAMS 0x000000060a000000, 0x000000060a000000| Untracked 
|  31|0x000000060a400000, 0x000000060a400000, 0x000000060a800000|  0%| F|  |TAMS 0x000000060a400000, 0x000000060a400000| Untracked 
|  32|0x000000060a800000, 0x000000060a800000, 0x000000060ac00000|  0%| F|  |TAMS 0x000000060a800000, 0x000000060a800000| Untracked 
|  33|0x000000060ac00000, 0x000000060ac00000, 0x000000060b000000|  0%| F|  |TAMS 0x000000060ac00000, 0x000000060ac00000| Untracked 
|  34|0x000000060b000000, 0x000000060b000000, 0x000000060b400000|  0%| F|  |TAMS 0x000000060b000000, 0x000000060b000000| Untracked 
|  35|0x000000060b400000, 0x000000060b400000, 0x000000060b800000|  0%| F|  |TAMS 0x000000060b400000, 0x000000060b400000| Untracked 
|  36|0x000000060b800000, 0x000000060b800000, 0x000000060bc00000|  0%| F|  |TAMS 0x000000060b800000, 0x000000060b800000| Untracked 
|  37|0x000000060bc00000, 0x000000060bc00000, 0x000000060c000000|  0%| F|  |TAMS 0x000000060bc00000, 0x000000060bc00000| Untracked 
|  38|0x000000060c000000, 0x000000060c000000, 0x000000060c400000|  0%| F|  |TAMS 0x000000060c000000, 0x000000060c000000| Untracked 
|  39|0x000000060c400000, 0x000000060c400000, 0x000000060c800000|  0%| F|  |TAMS 0x000000060c400000, 0x000000060c400000| Untracked 
|  40|0x000000060c800000, 0x000000060c800000, 0x000000060cc00000|  0%| F|  |TAMS 0x000000060c800000, 0x000000060c800000| Untracked 
|  41|0x000000060cc00000, 0x000000060cc00000, 0x000000060d000000|  0%| F|  |TAMS 0x000000060cc00000, 0x000000060cc00000| Untracked 
|  42|0x000000060d000000, 0x000000060d000000, 0x000000060d400000|  0%| F|  |TAMS 0x000000060d000000, 0x000000060d000000| Untracked 
|  43|0x000000060d400000, 0x000000060d400000, 0x000000060d800000|  0%| F|  |TAMS 0x000000060d400000, 0x000000060d400000| Untracked 
|  44|0x000000060d800000, 0x000000060d800000, 0x000000060dc00000|  0%| F|  |TAMS 0x000000060d800000, 0x000000060d800000| Untracked 
|  45|0x000000060dc00000, 0x000000060dc00000, 0x000000060e000000|  0%| F|  |TAMS 0x000000060dc00000, 0x000000060dc00000| Untracked 
|  46|0x000000060e000000, 0x000000060e000000, 0x000000060e400000|  0%| F|  |TAMS 0x000000060e000000, 0x000000060e000000| Untracked 
|  47|0x000000060e400000, 0x000000060e400000, 0x000000060e800000|  0%| F|  |TAMS 0x000000060e400000, 0x000000060e400000| Untracked 
|  48|0x000000060e800000, 0x000000060e800000, 0x000000060ec00000|  0%| F|  |TAMS 0x000000060e800000, 0x000000060e800000| Untracked 
|  49|0x000000060ec00000, 0x000000060ec00000, 0x000000060f000000|  0%| F|  |TAMS 0x000000060ec00000, 0x000000060ec00000| Untracked 
|  50|0x000000060f000000, 0x000000060f000000, 0x000000060f400000|  0%| F|  |TAMS 0x000000060f000000, 0x000000060f000000| Untracked 
|  51|0x000000060f400000, 0x000000060f400000, 0x000000060f800000|  0%| F|  |TAMS 0x000000060f400000, 0x000000060f400000| Untracked 
|  52|0x000000060f800000, 0x000000060f800000, 0x000000060fc00000|  0%| F|  |TAMS 0x000000060f800000, 0x000000060f800000| Untracked 
|  53|0x000000060fc00000, 0x000000060fc00000, 0x0000000610000000|  0%| F|  |TAMS 0x000000060fc00000, 0x000000060fc00000| Untracked 
|  54|0x0000000610000000, 0x0000000610000000, 0x0000000610400000|  0%| F|  |TAMS 0x0000000610000000, 0x0000000610000000| Untracked 
|  55|0x0000000610400000, 0x0000000610400000, 0x0000000610800000|  0%| F|  |TAMS 0x0000000610400000, 0x0000000610400000| Untracked 
|  56|0x0000000610800000, 0x0000000610800000, 0x0000000610c00000|  0%| F|  |TAMS 0x0000000610800000, 0x0000000610800000| Untracked 
|  57|0x0000000610c00000, 0x0000000610c00000, 0x0000000611000000|  0%| F|  |TAMS 0x0000000610c00000, 0x0000000610c00000| Untracked 
|  58|0x0000000611000000, 0x0000000611000000, 0x0000000611400000|  0%| F|  |TAMS 0x0000000611000000, 0x0000000611000000| Untracked 
|  59|0x0000000611400000, 0x0000000611400000, 0x0000000611800000|  0%| F|  |TAMS 0x0000000611400000, 0x0000000611400000| Untracked 
|  60|0x0000000611800000, 0x0000000611800000, 0x0000000611c00000|  0%| F|  |TAMS 0x0000000611800000, 0x0000000611800000| Untracked 
|  61|0x0000000611c00000, 0x0000000611c00000, 0x0000000612000000|  0%| F|  |TAMS 0x0000000611c00000, 0x0000000611c00000| Untracked 
|  62|0x0000000612000000, 0x0000000612000000, 0x0000000612400000|  0%| F|  |TAMS 0x0000000612000000, 0x0000000612000000| Untracked 
|  63|0x0000000612400000, 0x0000000612400000, 0x0000000612800000|  0%| F|  |TAMS 0x0000000612400000, 0x0000000612400000| Untracked 
|  64|0x0000000612800000, 0x0000000612800000, 0x0000000612c00000|  0%| F|  |TAMS 0x0000000612800000, 0x0000000612800000| Untracked 
|  65|0x0000000612c00000, 0x0000000612c00000, 0x0000000613000000|  0%| F|  |TAMS 0x0000000612c00000, 0x0000000612c00000| Untracked 
|  66|0x0000000613000000, 0x0000000613000000, 0x0000000613400000|  0%| F|  |TAMS 0x0000000613000000, 0x0000000613000000| Untracked 
|  67|0x0000000613400000, 0x0000000613400000, 0x0000000613800000|  0%| F|  |TAMS 0x0000000613400000, 0x0000000613400000| Untracked 
|  68|0x0000000613800000, 0x0000000613800000, 0x0000000613c00000|  0%| F|  |TAMS 0x0000000613800000, 0x0000000613800000| Untracked 
|  69|0x0000000613c00000, 0x0000000613c00000, 0x0000000614000000|  0%| F|  |TAMS 0x0000000613c00000, 0x0000000613c00000| Untracked 
|  70|0x0000000614000000, 0x0000000614000000, 0x0000000614400000|  0%| F|  |TAMS 0x0000000614000000, 0x0000000614000000| Untracked 
|  71|0x0000000614400000, 0x0000000614400000, 0x0000000614800000|  0%| F|  |TAMS 0x0000000614400000, 0x0000000614400000| Untracked 
|  72|0x0000000614800000, 0x0000000614800000, 0x0000000614c00000|  0%| F|  |TAMS 0x0000000614800000, 0x0000000614800000| Untracked 
|  73|0x0000000614c00000, 0x0000000614c00000, 0x0000000615000000|  0%| F|  |TAMS 0x0000000614c00000, 0x0000000614c00000| Untracked 
|  74|0x0000000615000000, 0x0000000615000000, 0x0000000615400000|  0%| F|  |TAMS 0x0000000615000000, 0x0000000615000000| Untracked 
|  75|0x0000000615400000, 0x0000000615400000, 0x0000000615800000|  0%| F|  |TAMS 0x0000000615400000, 0x0000000615400000| Untracked 
|  76|0x0000000615800000, 0x0000000615800000, 0x0000000615c00000|  0%| F|  |TAMS 0x0000000615800000, 0x0000000615800000| Untracked 
|  77|0x0000000615c00000, 0x0000000615c00000, 0x0000000616000000|  0%| F|  |TAMS 0x0000000615c00000, 0x0000000615c00000| Untracked 
|  78|0x0000000616000000, 0x0000000616000000, 0x0000000616400000|  0%| F|  |TAMS 0x0000000616000000, 0x0000000616000000| Untracked 
|  79|0x0000000616400000, 0x0000000616400000, 0x0000000616800000|  0%| F|  |TAMS 0x0000000616400000, 0x0000000616400000| Untracked 
|  80|0x0000000616800000, 0x0000000616800000, 0x0000000616c00000|  0%| F|  |TAMS 0x0000000616800000, 0x0000000616800000| Untracked 
|  81|0x0000000616c00000, 0x0000000616c00000, 0x0000000617000000|  0%| F|  |TAMS 0x0000000616c00000, 0x0000000616c00000| Untracked 
|  82|0x0000000617000000, 0x0000000617000000, 0x0000000617400000|  0%| F|  |TAMS 0x0000000617000000, 0x0000000617000000| Untracked 
|  83|0x0000000617400000, 0x0000000617400000, 0x0000000617800000|  0%| F|  |TAMS 0x0000000617400000, 0x0000000617400000| Untracked 
|  84|0x0000000617800000, 0x0000000617800000, 0x0000000617c00000|  0%| F|  |TAMS 0x0000000617800000, 0x0000000617800000| Untracked 
|  85|0x0000000617c00000, 0x0000000617c00000, 0x0000000618000000|  0%| F|  |TAMS 0x0000000617c00000, 0x0000000617c00000| Untracked 
|  86|0x0000000618000000, 0x0000000618000000, 0x0000000618400000|  0%| F|  |TAMS 0x0000000618000000, 0x0000000618000000| Untracked 
|  87|0x0000000618400000, 0x0000000618400000, 0x0000000618800000|  0%| F|  |TAMS 0x0000000618400000, 0x0000000618400000| Untracked 
|  88|0x0000000618800000, 0x0000000618800000, 0x0000000618c00000|  0%| F|  |TAMS 0x0000000618800000, 0x0000000618800000| Untracked 
|  89|0x0000000618c00000, 0x0000000618c00000, 0x0000000619000000|  0%| F|  |TAMS 0x0000000618c00000, 0x0000000618c00000| Untracked 
|  90|0x0000000619000000, 0x0000000619000000, 0x0000000619400000|  0%| F|  |TAMS 0x0000000619000000, 0x0000000619000000| Untracked 
|  91|0x0000000619400000, 0x0000000619400000, 0x0000000619800000|  0%| F|  |TAMS 0x0000000619400000, 0x0000000619400000| Untracked 
|  92|0x0000000619800000, 0x0000000619800000, 0x0000000619c00000|  0%| F|  |TAMS 0x0000000619800000, 0x0000000619800000| Untracked 
|  93|0x0000000619c00000, 0x0000000619c00000, 0x000000061a000000|  0%| F|  |TAMS 0x0000000619c00000, 0x0000000619c00000| Untracked 
|  94|0x000000061a000000, 0x000000061a000000, 0x000000061a400000|  0%| F|  |TAMS 0x000000061a000000, 0x000000061a000000| Untracked 
|  95|0x000000061a400000, 0x000000061a400000, 0x000000061a800000|  0%| F|  |TAMS 0x000000061a400000, 0x000000061a400000| Untracked 
|  96|0x000000061a800000, 0x000000061a800000, 0x000000061ac00000|  0%| F|  |TAMS 0x000000061a800000, 0x000000061a800000| Untracked 
|  97|0x000000061ac00000, 0x000000061ac00000, 0x000000061b000000|  0%| F|  |TAMS 0x000000061ac00000, 0x000000061ac00000| Untracked 
|  98|0x000000061b000000, 0x000000061b000000, 0x000000061b400000|  0%| F|  |TAMS 0x000000061b000000, 0x000000061b000000| Untracked 
|  99|0x000000061b400000, 0x000000061b400000, 0x000000061b800000|  0%| F|  |TAMS 0x000000061b400000, 0x000000061b400000| Untracked 
| 100|0x000000061b800000, 0x000000061b800000, 0x000000061bc00000|  0%| F|  |TAMS 0x000000061b800000, 0x000000061b800000| Untracked 
| 101|0x000000061bc00000, 0x000000061bc00000, 0x000000061c000000|  0%| F|  |TAMS 0x000000061bc00000, 0x000000061bc00000| Untracked 
| 102|0x000000061c000000, 0x000000061c000000, 0x000000061c400000|  0%| F|  |TAMS 0x000000061c000000, 0x000000061c000000| Untracked 
| 103|0x000000061c400000, 0x000000061c400000, 0x000000061c800000|  0%| F|  |TAMS 0x000000061c400000, 0x000000061c400000| Untracked 
| 104|0x000000061c800000, 0x000000061c800000, 0x000000061cc00000|  0%| F|  |TAMS 0x000000061c800000, 0x000000061c800000| Untracked 
| 105|0x000000061cc00000, 0x000000061cc00000, 0x000000061d000000|  0%| F|  |TAMS 0x000000061cc00000, 0x000000061cc00000| Untracked 
| 106|0x000000061d000000, 0x000000061d000000, 0x000000061d400000|  0%| F|  |TAMS 0x000000061d000000, 0x000000061d000000| Untracked 
| 107|0x000000061d400000, 0x000000061d400000, 0x000000061d800000|  0%| F|  |TAMS 0x000000061d400000, 0x000000061d400000| Untracked 
| 108|0x000000061d800000, 0x000000061d800000, 0x000000061dc00000|  0%| F|  |TAMS 0x000000061d800000, 0x000000061d800000| Untracked 
| 109|0x000000061dc00000, 0x000000061dc00000, 0x000000061e000000|  0%| F|  |TAMS 0x000000061dc00000, 0x000000061dc00000| Untracked 
| 110|0x000000061e000000, 0x000000061e000000, 0x000000061e400000|  0%| F|  |TAMS 0x000000061e000000, 0x000000061e000000| Untracked 
| 111|0x000000061e400000, 0x000000061e400000, 0x000000061e800000|  0%| F|  |TAMS 0x000000061e400000, 0x000000061e400000| Untracked 
| 112|0x000000061e800000, 0x000000061e800000, 0x000000061ec00000|  0%| F|  |TAMS 0x000000061e800000, 0x000000061e800000| Untracked 
| 113|0x000000061ec00000, 0x000000061ef53150, 0x000000061f000000| 83%| E|  |TAMS 0x000000061ec00000, 0x000000061ec00000| Complete 
| 114|0x000000061f000000, 0x000000061f400000, 0x000000061f400000|100%| E|CS|TAMS 0x000000061f000000, 0x000000061f000000| Complete 
| 115|0x000000061f400000, 0x000000061f800000, 0x000000061f800000|100%| E|CS|TAMS 0x000000061f400000, 0x000000061f400000| Complete 
| 116|0x000000061f800000, 0x000000061fc00000, 0x000000061fc00000|100%| E|CS|TAMS 0x000000061f800000, 0x000000061f800000| Complete 
| 117|0x000000061fc00000, 0x0000000620000000, 0x0000000620000000|100%| E|CS|TAMS 0x000000061fc00000, 0x000000061fc00000| Complete 
| 118|0x0000000620000000, 0x0000000620400000, 0x0000000620400000|100%| E|CS|TAMS 0x0000000620000000, 0x0000000620000000| Complete 
| 119|0x0000000620400000, 0x0000000620800000, 0x0000000620800000|100%| E|CS|TAMS 0x0000000620400000, 0x0000000620400000| Complete 
| 120|0x0000000620800000, 0x00000006208e68b0, 0x0000000620c00000| 22%| S|CS|TAMS 0x0000000620800000, 0x0000000620800000| Complete 
| 121|0x0000000620c00000, 0x0000000621000000, 0x0000000621000000|100%| E|  |TAMS 0x0000000620c00000, 0x0000000620c00000| Complete 
| 122|0x0000000621000000, 0x0000000621400000, 0x0000000621400000|100%| E|CS|TAMS 0x0000000621000000, 0x0000000621000000| Complete 
| 123|0x0000000621400000, 0x0000000621800000, 0x0000000621800000|100%| E|CS|TAMS 0x0000000621400000, 0x0000000621400000| Complete 
| 124|0x0000000621800000, 0x0000000621c00000, 0x0000000621c00000|100%| E|CS|TAMS 0x0000000621800000, 0x0000000621800000| Complete 
| 125|0x0000000621c00000, 0x0000000622000000, 0x0000000622000000|100%| E|CS|TAMS 0x0000000621c00000, 0x0000000621c00000| Complete 
| 126|0x0000000622000000, 0x0000000622400000, 0x0000000622400000|100%| E|CS|TAMS 0x0000000622000000, 0x0000000622000000| Complete 
| 127|0x0000000622400000, 0x0000000622800000, 0x0000000622800000|100%| E|CS|TAMS 0x0000000622400000, 0x0000000622400000| Complete 

Card table byte_map: [0x0000018aa3520000,0x0000018aa4510000] _byte_map_base: 0x0000018aa050c000

Marking Bits (Prev, Next): (CMBitMap*) 0x0000018a8b1d7a80, (CMBitMap*) 0x0000018a8b1d7ac0
 Prev Bits: [0x0000018aa5500000, 0x0000018aad460000)
 Next Bits: [0x0000018aad460000, 0x0000018ab53c0000)

Polling page: 0x0000018a8a910000

Metaspace:

Usage:
  Non-class:     18.15 MB used.
      Class:      2.05 MB used.
       Both:     20.20 MB used.

Virtual space:
  Non-class space:       64.00 MB reserved,      18.25 MB ( 29%) committed,  1 nodes.
      Class space:        1.00 GB reserved,       2.19 MB ( <1%) committed,  1 nodes.
             Both:        1.06 GB reserved,      20.44 MB (  2%) committed. 

Chunk freelists:
   Non-Class:  1.77 MB
       Class:  1.86 MB
        Both:  3.62 MB

MaxMetaspaceSize: unlimited
CompressedClassSpaceSize: 1.00 GB
Initial GC threshold: 21.00 MB
Current GC threshold: 21.00 MB
CDS: on
MetaspaceReclaimPolicy: balanced
 - commit_granule_bytes: 65536.
 - commit_granule_words: 8192.
 - virtual_space_node_default_size: 8388608.
 - enlarge_chunks_in_place: 1.
 - new_chunks_are_fully_committed: 0.
 - uncommit_free_chunks: 1.
 - use_allocation_guard: 0.


Internal statistics:

num_allocs_failed_limit: 0.
num_arena_births: 156.
num_arena_deaths: 0.
num_vsnodes_births: 2.
num_vsnodes_deaths: 0.
num_space_committed: 327.
num_space_uncommitted: 0.
num_chunks_returned_to_freelist: 0.
num_chunks_taken_from_freelist: 641.
num_chunk_merges: 0.
num_chunk_splits: 540.
num_chunks_enlarged: 476.
num_inconsistent_stats: 0.

CodeHeap 'non-profiled nmethods': size=119168Kb used=766Kb max_used=766Kb free=118402Kb
 bounds [0x0000018a9a620000, 0x0000018a9a890000, 0x0000018aa1a80000]
CodeHeap 'profiled nmethods': size=119104Kb used=3365Kb max_used=3365Kb free=115738Kb
 bounds [0x0000018a931d0000, 0x0000018a93520000, 0x0000018a9a620000]
CodeHeap 'non-nmethods': size=7488Kb used=3430Kb max_used=3438Kb free=4057Kb
 bounds [0x0000018a92a80000, 0x0000018a92de0000, 0x0000018a931d0000]
 total_blobs=2966 nmethods=1878 adapters=998
 compilation: enabled
              stopped_count=0, restarted_count=0
 full_count=0

Compilation events (20 events):
Event: 1.540 Thread 0x0000018ab56c5a40 1869       3       java.lang.Float::hashCode (5 bytes)
Event: 1.540 Thread 0x0000018abc9536f0 1870       1       androidx.compose.ui.text.font.FontWeight::hashCode (5 bytes)
Event: 1.540 Thread 0x0000018ab56c5a40 nmethod 1869 0x0000018a93515d10 code [0x0000018a93515ec0, 0x0000018a93516158]
Event: 1.540 Thread 0x0000018abc97be40 1871       3       java.lang.Long::hashCode (8 bytes)
Event: 1.540 Thread 0x0000018abc9536f0 nmethod 1870 0x0000018a9a6df510 code [0x0000018a9a6df6a0, 0x0000018a9a6df778]
Event: 1.540 Thread 0x0000018abc97be40 nmethod 1871 0x0000018a93516210 code [0x0000018a935163a0, 0x0000018a93516498]
Event: 1.541 Thread 0x0000018ab56c5a40 1872       3       androidx.compose.runtime.snapshots.MutableSnapshot::<init> (47 bytes)
Event: 1.541 Thread 0x0000018abc952de0 1873       3       androidx.compose.runtime.snapshots.Snapshot::<init> (7 bytes)
Event: 1.541 Thread 0x0000018abc97be40 1874       3       androidx.compose.runtime.snapshots.Snapshot::<init> (35 bytes)
Event: 1.541 Thread 0x0000018abc9536f0 1875       3       org.jetbrains.skia.impl.InteropScope::toInterop (2 bytes)
Event: 1.541 Thread 0x0000018abc9536f0 nmethod 1875 0x0000018a93516510 code [0x0000018a935166a0, 0x0000018a935167b8]
Event: 1.541 Thread 0x0000018abc97be40 nmethod 1874 0x0000018a93516890 code [0x0000018a93516a40, 0x0000018a93516d78]
Event: 1.541 Thread 0x0000018abc952de0 nmethod 1873 0x0000018a93516e90 code [0x0000018a93517060, 0x0000018a935173f8]
Event: 1.541 Thread 0x0000018ab56c5a40 nmethod 1872 0x0000018a93517590 code [0x0000018a935177e0, 0x0000018a935181c8]
Event: 1.542 Thread 0x0000018abc97be40 1876       3       java.util.concurrent.ConcurrentHashMap::values (25 bytes)
Event: 1.542 Thread 0x0000018abc952de0 1878       3       java.util.concurrent.ConcurrentHashMap$ValueIterator::<init> (12 bytes)
Event: 1.542 Thread 0x0000018ab56c5a40 1877       3       java.util.concurrent.ConcurrentHashMap$ValuesView::iterator (34 bytes)
Event: 1.542 Thread 0x0000018abc952de0 nmethod 1878 0x0000018a93518590 code [0x0000018a93518720, 0x0000018a935188a8]
Event: 1.542 Thread 0x0000018abc97be40 nmethod 1876 0x0000018a93518990 code [0x0000018a93518b40, 0x0000018a93518ef8]
Event: 1.542 Thread 0x0000018ab56c5a40 nmethod 1877 0x0000018a93519010 code [0x0000018a935191c0, 0x0000018a93519408]

GC Heap History (4 events):
Event: 0.717 GC heap before
{Heap before GC invocations=0 (full 0):
 garbage-first heap   total 524288K, used 24576K [0x0000000602800000, 0x0000000800000000)
  region size 4096K, 6 young (24576K), 0 survivors (0K)
 Metaspace       used 5158K, committed 5376K, reserved 1114112K
  class space    used 463K, committed 576K, reserved 1048576K
}
Event: 0.724 GC heap after
{Heap after GC invocations=1 (full 0):
 garbage-first heap   total 524288K, used 4708K [0x0000000602800000, 0x0000000800000000)
  region size 4096K, 1 young (4096K), 1 survivors (4096K)
 Metaspace       used 5158K, committed 5376K, reserved 1114112K
  class space    used 463K, committed 576K, reserved 1048576K
}
Event: 0.926 GC heap before
{Heap before GC invocations=1 (full 0):
 garbage-first heap   total 524288K, used 25188K [0x0000000602800000, 0x0000000800000000)
  region size 4096K, 7 young (28672K), 1 survivors (4096K)
 Metaspace       used 10472K, committed 10624K, reserved 1114112K
  class space    used 971K, committed 1024K, reserved 1048576K
}
Event: 0.933 GC heap after
{Heap after GC invocations=2 (full 0):
 garbage-first heap   total 524288K, used 5292K [0x0000000602800000, 0x0000000800000000)
  region size 4096K, 1 young (4096K), 1 survivors (4096K)
 Metaspace       used 10472K, committed 10624K, reserved 1114112K
  class space    used 971K, committed 1024K, reserved 1048576K
}

Deoptimization events (20 events):
Event: 0.940 Thread 0x0000018abd368f60 Uncommon trap: trap_request=0xffffff45 fr.pc=0x0000018a9a6487e0 relative=0x00000000000003a0
Event: 0.940 Thread 0x0000018abd368f60 Uncommon trap: reason=unstable_if action=reinterpret pc=0x0000018a9a6487e0 method=java.util.HashMap.hash(Ljava/lang/Object;)I @ 1 c2
Event: 0.940 Thread 0x0000018abd368f60 DEOPT PACKING pc=0x0000018a9a6487e0 sp=0x0000006fbd4fd9f0
Event: 0.940 Thread 0x0000018abd368f60 DEOPT UNPACKING pc=0x0000018a92ad23a3 sp=0x0000006fbd4fd928 mode 2
Event: 1.018 Thread 0x0000018abd368f60 Uncommon trap: trap_request=0xffffff45 fr.pc=0x0000018a9a63d980 relative=0x0000000000000260
Event: 1.018 Thread 0x0000018abd368f60 Uncommon trap: reason=unstable_if action=reinterpret pc=0x0000018a9a63d980 method=java.util.StringTokenizer.scanToken(I)I @ 42 c2
Event: 1.018 Thread 0x0000018abd368f60 DEOPT PACKING pc=0x0000018a9a63d980 sp=0x0000006fbd4fc5e0
Event: 1.018 Thread 0x0000018abd368f60 DEOPT UNPACKING pc=0x0000018a92ad23a3 sp=0x0000006fbd4fc580 mode 2
Event: 1.255 Thread 0x0000018abd368f60 DEOPT PACKING pc=0x0000018a93300441 sp=0x0000006fbd4f8160
Event: 1.255 Thread 0x0000018abd368f60 DEOPT UNPACKING pc=0x0000018a92ad2b43 sp=0x0000006fbd4f75b8 mode 1
Event: 1.255 Thread 0x0000018abd368f60 DEOPT PACKING pc=0x0000018a932f715c sp=0x0000006fbd4f81f0
Event: 1.255 Thread 0x0000018abd368f60 DEOPT UNPACKING pc=0x0000018a92ad2b43 sp=0x0000006fbd4f76a8 mode 1
Event: 1.491 Thread 0x0000018abd368f60 Uncommon trap: trap_request=0xffffff45 fr.pc=0x0000018a9a6a32bc relative=0x000000000000031c
Event: 1.491 Thread 0x0000018abd368f60 Uncommon trap: reason=unstable_if action=reinterpret pc=0x0000018a9a6a32bc method=java.lang.String.indexOf([BBILjava/lang/String;I)I @ 21 c2
Event: 1.491 Thread 0x0000018abd368f60 DEOPT PACKING pc=0x0000018a9a6a32bc sp=0x0000006fbd4f60c0
Event: 1.491 Thread 0x0000018abd368f60 DEOPT UNPACKING pc=0x0000018a92ad23a3 sp=0x0000006fbd4f5ff0 mode 2
Event: 1.491 Thread 0x0000018abd368f60 Uncommon trap: trap_request=0xffffff45 fr.pc=0x0000018a9a6a2a7c relative=0x00000000000002dc
Event: 1.491 Thread 0x0000018abd368f60 Uncommon trap: reason=unstable_if action=reinterpret pc=0x0000018a9a6a2a7c method=java.lang.String.indexOf([BBILjava/lang/String;I)I @ 21 c2
Event: 1.491 Thread 0x0000018abd368f60 DEOPT PACKING pc=0x0000018a9a6a2a7c sp=0x0000006fbd4f6170
Event: 1.491 Thread 0x0000018abd368f60 DEOPT UNPACKING pc=0x0000018a92ad23a3 sp=0x0000006fbd4f6120 mode 2

Classes loaded (20 events):
Event: 1.537 Loading class androidx/compose/runtime/snapshots/StateMapMutableEntriesIterator
Event: 1.537 Loading class androidx/compose/runtime/snapshots/StateMapMutableEntriesIterator done
Event: 1.537 Loading class androidx/compose/runtime/snapshots/StateMapMutableIterator
Event: 1.537 Loading class androidx/compose/runtime/snapshots/StateMapMutableIterator done
Event: 1.538 Loading class androidx/compose/ui/graphics/vector/PathNode$VerticalTo
Event: 1.538 Loading class androidx/compose/ui/graphics/vector/PathNode$VerticalTo done
Event: 1.541 Loading class org/jetbrains/skiko/PictureHolder
Event: 1.541 Loading class org/jetbrains/skiko/PictureHolder done
Event: 1.541 Loading class org/jetbrains/skia/DirectContext
Event: 1.541 Loading class org/jetbrains/skia/DirectContext done
Event: 1.541 Loading class org/jetbrains/skia/DirectContext$Companion
Event: 1.541 Loading class org/jetbrains/skia/DirectContext$Companion done
Event: 1.542 Loading class org/jetbrains/skia/DirectContextKt
Event: 1.542 Loading class org/jetbrains/skia/DirectContextKt done
Event: 1.546 Loading class jdk/internal/misc/Signal$1
Event: 1.547 Loading class jdk/internal/misc/Signal$1 done
Event: 1.560 Loading class org/jetbrains/skiko/RenderExceptionsHandler
Event: 1.560 Loading class org/jetbrains/skiko/RenderExceptionsHandler done
Event: 1.560 Loading class org/jetbrains/skiko/RenderExceptionsHandler$Companion
Event: 1.560 Loading class org/jetbrains/skiko/RenderExceptionsHandler$Companion done

Classes unloaded (0 events):
No events

Classes redefined (0 events):
No events

Internal exceptions (20 events):
Event: 0.690 Thread 0x0000018abd368f60 Exception <a 'java/lang/NoSuchMethodError'{0x0000000621176608}: 'int java.lang.invoke.DirectMethodHandle$Holder.invokeSpecial(java.lang.Object, java.lang.Object, java.lang.Object)'> (0x0000000621176608) 
thrown [s\open\src\hotspot\share\interpreter\linkResolver.cpp, line 759]
Event: 0.690 Thread 0x0000018abd368f60 Exception <a 'java/lang/NoSuchMethodError'{0x0000000621181758}: 'void java.lang.invoke.DelegatingMethodHandle$Holder.reinvoke_L(java.lang.Object, java.lang.Object, int)'> (0x0000000621181758) 
thrown [s\open\src\hotspot\share\interpreter\linkResolver.cpp, line 759]
Event: 0.691 Thread 0x0000018abd368f60 Exception <a 'java/lang/NoSuchMethodError'{0x0000000621188650}: 'int java.lang.invoke.Invokers$Holder.invokeExact_MT(java.lang.Object, java.lang.Object, java.lang.Object)'> (0x0000000621188650) 
thrown [s\open\src\hotspot\share\interpreter\linkResolver.cpp, line 759]
Event: 0.864 Thread 0x0000018abd368f60 Exception <a 'java/lang/NoSuchMethodError'{0x0000000621664c50}: 'double java.lang.invoke.DirectMethodHandle$Holder.invokeStatic(java.lang.Object, double)'> (0x0000000621664c50) 
thrown [s\open\src\hotspot\share\interpreter\linkResolver.cpp, line 759]
Event: 0.864 Thread 0x0000018abd368f60 Exception <a 'java/lang/NoSuchMethodError'{0x00000006216686a8}: 'double java.lang.invoke.DirectMethodHandle$Holder.invokeStaticInit(java.lang.Object, double)'> (0x00000006216686a8) 
thrown [s\open\src\hotspot\share\interpreter\linkResolver.cpp, line 759]
Event: 0.868 Thread 0x0000018abd368f60 Exception <a 'java/lang/NoSuchMethodError'{0x00000006216b5370}: 'java.lang.Object java.lang.invoke.DirectMethodHandle$Holder.newInvokeSpecial(java.lang.Object, double)'> (0x00000006216b5370) 
thrown [s\open\src\hotspot\share\interpreter\linkResolver.cpp, line 759]
Event: 0.901 Thread 0x0000018abd368f60 Exception <a 'java/lang/NoSuchMethodError'{0x000000062124c888}: 'void java.lang.invoke.DirectMethodHandle$Holder.invokeSpecial(java.lang.Object, java.lang.Object, java.lang.Object)'> (0x000000062124c888) 
thrown [s\open\src\hotspot\share\interpreter\linkResolver.cpp, line 759]
Event: 0.907 Thread 0x0000018abd368f60 Exception <a 'java/lang/NoSuchMethodError'{0x00000006212e4348}: 'java.lang.Object java.lang.invoke.DirectMethodHandle$Holder.newInvokeSpecial(java.lang.Object, java.lang.Object, java.lang.Object, java.lang.Object, java.lang.Object)'> (0x00000006212e4348) 
thrown [s\open\src\hotspot\share\interpreter\linkResolver.cpp, line 759]
Event: 0.911 Thread 0x0000018abd368f60 Exception <a 'java/lang/NoSuchMethodError'{0x0000000621316dd0}: 'java.lang.Object java.lang.invoke.DirectMethodHandle$Holder.invokeStatic(java.lang.Object, int, java.lang.Object)'> (0x0000000621316dd0) 
thrown [s\open\src\hotspot\share\interpreter\linkResolver.cpp, line 759]
Event: 0.925 Thread 0x0000018abd368f60 Exception <a 'java/lang/ClassNotFoundException'{0x00000006213f67e0}: com/sun/swing/internal/plaf/metal/resources/spi/metalProvider> (0x00000006213f67e0) 
thrown [s\open\src\hotspot\share\classfile\systemDictionary.cpp, line 255]
Event: 0.934 Thread 0x0000018abd368f60 Exception <a 'java/lang/ClassNotFoundException'{0x0000000622402710}: com/sun/swing/internal/plaf/basic/resources/spi/basicProvider> (0x0000000622402710) 
thrown [s\open\src\hotspot\share\classfile\systemDictionary.cpp, line 255]
Event: 0.937 Thread 0x0000018abd368f60 Implicit null exception at 0x0000018a9a63e2d8 to 0x0000018a9a63e36e
Event: 0.939 Thread 0x0000018abd368f60 Exception <a 'java/lang/NoSuchMethodError'{0x0000000622457a08}: 'int java.lang.invoke.Invokers$Holder.invokeExact_MT(java.lang.Object, java.lang.Object)'> (0x0000000622457a08) 
thrown [s\open\src\hotspot\share\interpreter\linkResolver.cpp, line 759]
Event: 0.940 Thread 0x0000018abd368f60 Implicit null exception at 0x0000018a9a672c93 to 0x0000018a9a672fc0
Event: 0.940 Thread 0x0000018abd368f60 Implicit null exception at 0x0000018a9a648493 to 0x0000018a9a6487b8
Event: 0.993 Thread 0x0000018abd333150 Exception <a 'java/lang/NoSuchMethodError'{0x00000006221253d8}: 'void java.lang.invoke.DirectMethodHandle$Holder.invokeVirtual(java.lang.Object, java.lang.Object)'> (0x00000006221253d8) 
thrown [s\open\src\hotspot\share\interpreter\linkResolver.cpp, line 759]
Event: 1.006 Thread 0x0000018abd368f60 Exception <a 'java/lang/NoSuchMethodError'{0x00000006221d1c58}: 'void java.lang.invoke.DirectMethodHandle$Holder.invokeStaticInit(java.lang.Object)'> (0x00000006221d1c58) 
thrown [s\open\src\hotspot\share\interpreter\linkResolver.cpp, line 759]
Event: 1.014 Thread 0x0000018abd368f60 Exception <a 'java/io/FileNotFoundException'{0x0000000622238bb8}> (0x0000000622238bb8) 
thrown [s\open\src\hotspot\share\prims\jni.cpp, line 516]
Event: 1.136 Thread 0x0000018abd368f60 Exception <a 'java/lang/NoSuchMethodError'{0x000000062182bd08}: 'int java.lang.invoke.DirectMethodHandle$Holder.invokeStaticInit(java.lang.Object, java.lang.Object, java.lang.Object)'> (0x000000062182bd08) 
thrown [s\open\src\hotspot\share\interpreter\linkResolver.cpp, line 759]
Event: 1.561 Thread 0x0000018abd368f60 Exception <a 'java/lang/NoSuchMethodError'{0x000000061ee51650}: static Lorg/jetbrains/skiko/RenderExceptionsHandler;.throwException(Ljava/lang/String;)V> (0x000000061ee51650) 
thrown [s\open\src\hotspot\share\prims\jni.cpp, line 1104]

VM Operations (20 events):
Event: 0.626 Executing VM operation: HandshakeAllThreads
Event: 0.626 Executing VM operation: HandshakeAllThreads done
Event: 0.672 Executing VM operation: HandshakeAllThreads
Event: 0.672 Executing VM operation: HandshakeAllThreads done
Event: 0.717 Executing VM operation: G1CollectForAllocation
Event: 0.724 Executing VM operation: G1CollectForAllocation done
Event: 0.926 Executing VM operation: G1CollectForAllocation
Event: 0.933 Executing VM operation: G1CollectForAllocation done
Event: 0.946 Executing VM operation: HandshakeAllThreads
Event: 0.946 Executing VM operation: HandshakeAllThreads done
Event: 0.950 Executing VM operation: HandshakeAllThreads
Event: 0.950 Executing VM operation: HandshakeAllThreads done
Event: 1.041 Executing VM operation: HandshakeAllThreads
Event: 1.041 Executing VM operation: HandshakeAllThreads done
Event: 1.528 Executing VM operation: ChangeBreakpoints
Event: 1.528 Executing VM operation: ChangeBreakpoints done
Event: 1.529 Executing VM operation: ChangeBreakpoints
Event: 1.529 Executing VM operation: ChangeBreakpoints done
Event: 1.529 Executing VM operation: ChangeBreakpoints
Event: 1.529 Executing VM operation: ChangeBreakpoints done

Events (20 events):
Event: 0.657 Thread 0x0000018abd332060 Thread added: 0x0000018abd332060
Event: 0.658 Thread 0x0000018abd333150 Thread added: 0x0000018abd333150
Event: 0.673 Thread 0x0000018abd368f60 Thread added: 0x0000018abd368f60
Event: 0.812 Thread 0x0000018abd80a750 Thread added: 0x0000018abd80a750
Event: 0.822 Loaded shared library C:\Users\choug\.skiko\0de0d8dd8554d9bb66cfca3837db6514ff9b71080e998917280a3b777460a416\skiko-windows-x64.dll
Event: 0.828 Thread 0x0000018abd778e20 Thread added: 0x0000018abd778e20
Event: 0.828 Thread 0x0000018abd842b10 Thread added: 0x0000018abd842b10
Event: 0.828 Thread 0x0000018abd9615c0 Thread added: 0x0000018abd9615c0
Event: 0.830 Thread 0x0000018abd960280 Thread added: 0x0000018abd960280
Event: 1.010 Loaded shared library C:\Program Files\Java\jdk-18.0.2.1\bin\freetype.dll
Event: 1.011 Loaded shared library C:\Program Files\Java\jdk-18.0.2.1\bin\fontmanager.dll
Event: 1.329 Thread 0x0000018abcbbae10 Thread exited: 0x0000018abcbbae10
Event: 1.451 Thread 0x0000018ac253bae0 Thread added: 0x0000018ac253bae0
Event: 1.528 Thread 0x0000018abcb575c0 Thread exited: 0x0000018abcb575c0
Event: 1.530 Thread 0x0000018abca7c140 Thread exited: 0x0000018abca7c140
Event: 1.547 Thread 0x0000018abd95ef40 Thread added: 0x0000018abd95ef40
Event: 1.547 Thread 0x0000018abd961f60 Thread added: 0x0000018abd961f60
Event: 1.547 Thread 0x0000018abd961a90 Thread added: 0x0000018abd961a90
Event: 1.547 Thread 0x0000018abd961f60 Thread exited: 0x0000018abd961f60
Event: 1.550 Thread 0x0000018abd333150 Thread exited: 0x0000018abd333150


Dynamic libraries:
0x00007ff7a4930000 - 0x00007ff7a4940000 	C:\Program Files\Java\jdk-18.0.2.1\bin\java.exe
0x00007ffbd0370000 - 0x00007ffbd0586000 	C:\Windows\SYSTEM32\ntdll.dll
0x00007ffbcf280000 - 0x00007ffbcf344000 	C:\Windows\System32\KERNEL32.DLL
0x00007ffbcd720000 - 0x00007ffbcdac6000 	C:\Windows\System32\KERNELBASE.dll
0x00007ffbcdf20000 - 0x00007ffbce031000 	C:\Windows\System32\ucrtbase.dll
0x00007ffb8a220000 - 0x00007ffb8a23a000 	C:\Program Files\Java\jdk-18.0.2.1\bin\VCRUNTIME140.dll
0x00007ffb8a240000 - 0x00007ffb8a258000 	C:\Program Files\Java\jdk-18.0.2.1\bin\jli.dll
0x00007ffbceb70000 - 0x00007ffbcec22000 	C:\Windows\System32\ADVAPI32.dll
0x00007ffbce0c0000 - 0x00007ffbce167000 	C:\Windows\System32\msvcrt.dll
0x00007ffbcea40000 - 0x00007ffbceae8000 	C:\Windows\System32\sechost.dll
0x00007ffbcdad0000 - 0x00007ffbcdaf8000 	C:\Windows\System32\bcrypt.dll
0x00007ffbcec60000 - 0x00007ffbced75000 	C:\Windows\System32\RPCRT4.dll
0x00007ffbcffd0000 - 0x00007ffbd017d000 	C:\Windows\System32\USER32.dll
0x00007ffbcde50000 - 0x00007ffbcde76000 	C:\Windows\System32\win32u.dll
0x00007ffbbdd90000 - 0x00007ffbbe023000 	C:\Windows\WinSxS\amd64_microsoft.windows.common-controls_6595b64144ccf1df_6.0.22621.3235_none_270f74e173860f98\COMCTL32.dll
0x00007ffbcec30000 - 0x00007ffbcec59000 	C:\Windows\System32\GDI32.dll
0x00007ffbcdb00000 - 0x00007ffbcdc18000 	C:\Windows\System32\gdi32full.dll
0x00007ffbcde80000 - 0x00007ffbcdf1a000 	C:\Windows\System32\msvcp_win.dll
0x00007ffbc2660000 - 0x00007ffbc266a000 	C:\Windows\SYSTEM32\VERSION.dll
0x00007ffbcf610000 - 0x00007ffbcf641000 	C:\Windows\System32\IMM32.DLL
0x00007ffb979e0000 - 0x00007ffb979ec000 	C:\Program Files\Java\jdk-18.0.2.1\bin\vcruntime140_1.dll
0x00007ffb81c60000 - 0x00007ffb81ced000 	C:\Program Files\Java\jdk-18.0.2.1\bin\msvcp140.dll
0x00007ffb4aa20000 - 0x00007ffb4b631000 	C:\Program Files\Java\jdk-18.0.2.1\bin\server\jvm.dll
0x00007ffbcffc0000 - 0x00007ffbcffc8000 	C:\Windows\System32\PSAPI.DLL
0x00007ffbc9f70000 - 0x00007ffbc9f79000 	C:\Windows\SYSTEM32\WSOCK32.dll
0x00007ffbc6150000 - 0x00007ffbc6184000 	C:\Windows\SYSTEM32\WINMM.dll
0x00007ffbcff40000 - 0x00007ffbcffb1000 	C:\Windows\System32\WS2_32.dll
0x00007ffbcc720000 - 0x00007ffbcc738000 	C:\Windows\SYSTEM32\kernel.appcore.dll
0x00007ffb96ba0000 - 0x00007ffb96baa000 	C:\Program Files\Java\jdk-18.0.2.1\bin\jimage.dll
0x00007ffbbee70000 - 0x00007ffbbf0a3000 	C:\Windows\SYSTEM32\DBGHELP.DLL
0x00007ffbcf930000 - 0x00007ffbcfcb8000 	C:\Windows\System32\combase.dll
0x00007ffbcfcc0000 - 0x00007ffbcfd97000 	C:\Windows\System32\OLEAUT32.dll
0x00007ffbbee30000 - 0x00007ffbbee62000 	C:\Windows\SYSTEM32\dbgcore.DLL
0x00007ffbce040000 - 0x00007ffbce0ba000 	C:\Windows\System32\bcryptPrimitives.dll
0x00007ffb84500000 - 0x00007ffb8453b000 	C:\Program Files\Java\jdk-18.0.2.1\bin\jdwp.dll
0x00007ffbb5230000 - 0x00007ffbb523e000 	C:\Program Files\Java\jdk-18.0.2.1\bin\instrument.dll
0x00007ffb8a1f0000 - 0x00007ffb8a215000 	C:\Program Files\Java\jdk-18.0.2.1\bin\java.dll
0x00007ffb84540000 - 0x00007ffb84558000 	C:\Program Files\Java\jdk-18.0.2.1\bin\zip.dll
0x00007ffb587e0000 - 0x00007ffb588b6000 	C:\Program Files\Java\jdk-18.0.2.1\bin\jsvml.dll
0x00007ffbce1e0000 - 0x00007ffbcea3d000 	C:\Windows\System32\SHELL32.dll
0x00007ffbcb5c0000 - 0x00007ffbcbeb8000 	C:\Windows\SYSTEM32\windows.storage.dll
0x00007ffbcb480000 - 0x00007ffbcb5be000 	C:\Windows\SYSTEM32\wintypes.dll
0x00007ffbcf510000 - 0x00007ffbcf603000 	C:\Windows\System32\SHCORE.dll
0x00007ffbcf6d0000 - 0x00007ffbcf72e000 	C:\Windows\System32\shlwapi.dll
0x00007ffbcd5e0000 - 0x00007ffbcd606000 	C:\Windows\SYSTEM32\profapi.dll
0x00007ffb89420000 - 0x00007ffb8942c000 	C:\Program Files\Java\jdk-18.0.2.1\bin\dt_socket.dll
0x00007ffbcc160000 - 0x00007ffbcc18d000 	C:\Windows\SYSTEM32\IPHLPAPI.DLL
0x00007ffbccc10000 - 0x00007ffbccc79000 	C:\Windows\system32\mswsock.dll
0x00007ffb845c0000 - 0x00007ffb845d3000 	C:\Program Files\Java\jdk-18.0.2.1\bin\net.dll
0x00007ffbc82b0000 - 0x00007ffbc83e7000 	C:\Windows\SYSTEM32\WINHTTP.dll
0x00007ffb845a0000 - 0x00007ffb845b6000 	C:\Program Files\Java\jdk-18.0.2.1\bin\nio.dll
0x00007ffb518c0000 - 0x00007ffb51a4f000 	C:\Program Files\Java\jdk-18.0.2.1\bin\awt.dll
0x00007ffbca9f0000 - 0x00007ffbcaa87000 	C:\Windows\SYSTEM32\apphelp.dll
0x00007ffbcab20000 - 0x00007ffbcabcb000 	C:\Windows\system32\uxtheme.dll
0x00007ffbcf7d0000 - 0x00007ffbcf924000 	C:\Windows\System32\MSCTF.dll
0x00007ffbcfda0000 - 0x00007ffbcff3f000 	C:\Windows\System32\ole32.dll
0x00007ffbcadf0000 - 0x00007ffbcae1b000 	C:\Windows\system32\DWMAPI.DLL
0x00007ffb7e500000 - 0x00007ffb7e600000 	C:\Windows\system32\opengl32.dll
0x00007ffb7f390000 - 0x00007ffb7f3bd000 	C:\Windows\SYSTEM32\GLU32.dll
0x00007ffbcada0000 - 0x00007ffbcadd9000 	C:\Windows\SYSTEM32\dxcore.dll
0x00007ffb37110000 - 0x00007ffb3815c000 	C:\Users\choug\.skiko\0de0d8dd8554d9bb66cfca3837db6514ff9b71080e998917280a3b777460a416\skiko-windows-x64.dll
0x00007ffb63660000 - 0x00007ffb636e6000 	C:\Program Files\Java\jdk-18.0.2.1\bin\freetype.dll
0x00007ffb63030000 - 0x00007ffb630d8000 	C:\Program Files\Java\jdk-18.0.2.1\bin\fontmanager.dll
0x00007ffb87830000 - 0x00007ffb87837000 	C:\Program Files\Java\jdk-18.0.2.1\bin\jawt.dll
0x00007ffbcac70000 - 0x00007ffbcad68000 	C:\Windows\SYSTEM32\Dxgi.dll
0x00007ffbc80e0000 - 0x00007ffbc812a000 	C:\Windows\SYSTEM32\directxdatabasehelper.dll
0x00007ffb6d0d0000 - 0x00007ffb6d0f6000 	C:\Windows\SYSTEM32\D3D12.dll
0x00007ffb6cec0000 - 0x00007ffb6d0c3000 	C:\Windows\SYSTEM32\D3D12Core.dll
0x00007ffbcd3a0000 - 0x00007ffbcd3ee000 	C:\Windows\SYSTEM32\cfgmgr32.dll
0x00007ffbcdce0000 - 0x00007ffbcde46000 	C:\Windows\System32\CRYPT32.dll
0x00007ffbcd370000 - 0x00007ffbcd39c000 	C:\Windows\SYSTEM32\DEVOBJ.dll
0x00007ffbcd6b0000 - 0x00007ffbcd71b000 	C:\Windows\System32\WINTRUST.dll
0x00007ffbccfb0000 - 0x00007ffbccfc2000 	C:\Windows\SYSTEM32\MSASN1.dll
0x00007ffb6cdb0000 - 0x00007ffb6ceb7000 	C:\Windows\System32\DriverStore\FileRepository\iigd_dch.inf_amd64_57e375e533790794\igd12umd64.dll
0x00007ffb6bea0000 - 0x00007ffb6cda5000 	C:\Windows\System32\DriverStore\FileRepository\iigd_dch.inf_amd64_57e375e533790794\igd12um64xel.dll
0x00007ffb8ddc0000 - 0x00007ffb8de04000 	C:\Windows\SYSTEM32\ControlLib.dll
0x00007ffbcee00000 - 0x00007ffbcf274000 	C:\Windows\System32\SETUPAPI.dll
0x00007ffbc2a30000 - 0x00007ffbc2abb000 	C:\Windows\System32\DriverStore\FileRepository\iigd_dch.inf_amd64_57e375e533790794\IntelControlLib.dll
0x00007ffbc1f70000 - 0x00007ffbc23a8000 	C:\Windows\System32\DriverStore\FileRepository\iigd_dch.inf_amd64_57e375e533790794\igdgmm64.dll
0x00007ffbb9ec0000 - 0x00007ffbbdd6d000 	C:\Windows\System32\DriverStore\FileRepository\iigd_dch.inf_amd64_57e375e533790794\igc64.dll
0x00007ffb6be70000 - 0x00007ffb6be9f000 	C:\Windows\SYSTEM32\D3DSCache.dll
0x00007ffbcccb0000 - 0x00007ffbcccdc000 	C:\Windows\SYSTEM32\USERENV.dll
0x00007ffb6ba50000 - 0x00007ffb6bd4c000 	C:\Windows\System32\DriverStore\FileRepository\iigd_dch.inf_amd64_57e375e533790794\igd12dxva64.dll
0x00007ffb69bb0000 - 0x00007ffb6ad93000 	C:\Windows\System32\DriverStore\FileRepository\iigd_dch.inf_amd64_57e375e533790794\igddxvacommon64.dll
0x00007ffb67e80000 - 0x00007ffb69ba1000 	C:\Windows\System32\DriverStore\FileRepository\iigd_dch.inf_amd64_57e375e533790794\media_bin_64.dll
0x00007ffb6ba20000 - 0x00007ffb6ba47000 	C:\Windows\System32\DriverStore\FileRepository\iigd_dch.inf_amd64_57e375e533790794\igdinfo64.dll
0x00007ffbc52a0000 - 0x00007ffbc552f000 	C:\Windows\SYSTEM32\twinapi.appcore.dll
0x00007ffbc94a0000 - 0x00007ffbc9714000 	C:\Windows\SYSTEM32\dwrite.dll
0x00007ffbc9f90000 - 0x00007ffbca1e3000 	C:\Windows\SYSTEM32\dcomp.dll

dbghelp: loaded successfully - version: 4.0.5 - missing functions: none
symbol engine: initialized successfully - sym options: 0x614 - pdb path: .;C:\Program Files\Java\jdk-18.0.2.1\bin;C:\Windows\SYSTEM32;C:\Windows\WinSxS\amd64_microsoft.windows.common-controls_6595b64144ccf1df_6.0.22621.3235_none_270f74e173860f98;C:\Program Files\Java\jdk-18.0.2.1\bin\server;C:\Users\choug\.skiko\0de0d8dd8554d9bb66cfca3837db6514ff9b71080e998917280a3b777460a416;C:\Windows\System32\DriverStore\FileRepository\iigd_dch.inf_amd64_57e375e533790794

VM Arguments:
jvm_args: -agentlib:jdwp=transport=dt_socket,address=127.0.0.1:60901,suspend=y,server=n -javaagent:C:/Users/choug/.gradle/caches/modules-2/files-2.1/org.jetbrains.kotlinx/kotlinx-coroutines-core-jvm/1.6.4/2c997cd1c0ef33f3e751d3831929aeff1390cb30/kotlinx-coroutines-core-jvm-1.6.4.jar -javaagent:C:\Users\choug\AppData\Local\JetBrains\IntelliJIdea2023.3\captureAgent\debugger-agent.jar=file:/C:/Users/choug/AppData/Local/Temp/capture.props -Dfile.encoding=UTF-8 -Dsun.stdout.encoding=UTF-8 -Dsun.stderr.encoding=UTF-8 
java_command: MainKt
java_class_path (initial): C:\Users\choug\IdeaProjects\LadsCryptoTestUtility\build\classes\java\main;C:\Users\choug\IdeaProjects\LadsCryptoTestUtility\build\classes\kotlin\main;C:\Users\choug\IdeaProjects\LadsCryptoTestUtility\build\resources\main;C:\Users\choug\IdeaProjects\LadsCryptoTestUtility\libraries\json-20231013.jar;C:\Users\choug\IdeaProjects\LadsCryptoTestUtility\libraries\jSerialComm-2.10.4.jar;C:\Users\choug\.gradle\caches\modules-2\files-2.1\org.jetbrains.kotlin\kotlin-stdlib-jdk8\1.8.20\73576ddf378c5b4f1f6b449fe6b119b8183fc078\kotlin-stdlib-jdk8-1.8.20.jar;C:\Users\choug\.gradle\caches\modules-2\files-2.1\org.bouncycastle\bcpkix-jdk15on\1.68\81da950604ff0b2652348cbd2b48fde46ced9867\bcpkix-jdk15on-1.68.jar;C:\Users\choug\.gradle\caches\modules-2\files-2.1\org.bouncycastle\bcprov-jdk15on\1.68\46a080368d38b428d237a59458f9bc915222894d\bcprov-jdk15on-1.68.jar;C:\Users\choug\.gradle\caches\modules-2\files-2.1\org.kotlincrypto.hash\sha3-jvm\0.4.0\1fd14d7cd6538f1bc3ba310c6906d51c7939108b\sha3-jvm-0.4.0.jar;C:\Users\choug\.gradle\caches\modules-2\files-2.1\org.jetbrains.compose.material3\material3-desktop\1.4.1\3510be92072e2417d9757a192355378a9ae4846\material3-desktop-1.4.1.jar;C:\Users\choug\.gradle\caches\modules-2\files-2.1\org.jetbrains.kotlin\kotlin-stdlib-jdk7\1.8.20\3aa51faf20aae8b31e1a4bc54f8370673d7b7df4\kotlin-stdlib-jdk7-1.8.20.jar;C:\Users\choug\.gradle\caches\modules-2\files-2.1\org.jetbrains.kotlin\kotlin-stdlib\1.9.21\17ee3e873d439566c7d8354403b5f3d9744c4c9c\kotlin-stdlib-1.9.21.jar;C:\Users\choug\.gradle\caches\modules-2\files-2.1\org.jetbrains.compose.desktop\desktop-jvm\1.4.1\922ebea5ab9e202ee66ab4f4f567a74184eddbc1\desktop-jvm-1.4.1.jar;C:\Users\choug\.gradle\caches\modules-2\files-2.1\org.jetbrains\annotations\13.0\919f0dfe192fb4e063e7dacadee7f8bb9a2672a9\annotations-13.0.jar;C:\Users\choug\.gradle\caches\modules-2\files-2.1\org.kotlincrypto.core\digest-jvm\0.4.0\2874e49e4d1071a44619735f0a1aec1302e50110\digest-jvm-0.4.0.jar;C:\Users\choug\.gradle\caches\modules-2\files-2.1\org.kotlincrypto.core\xof-jvm\0.4.0\bfe9dd5bf7911df07da17f8bdd9365929e078049\xof-jvm-0.4.0.jar;C:\Users\choug\.gradle\caches\modules-2\files-2.1\org.jetbrains.compose.material\material-ripple-desktop\1.4.1\4c42972aefc0908954af022d213e4c6d00daf288\material-ripple-desktop-1.4.1.jar;C:\Users\choug\.gradle\caches\modules-2\files-2.1\org.jetbrains.compose.foundation\foundation-desktop\1.4.1\3af50bcd26973491ed32b251d234fae55c0b3c97\foundation-desktop-1.4.1.jar;C:\Users\choug\.gradle\caches\modules-2\files-2.1\org.jetbrains.compose.material\material-icons-core-desktop\1.4.1\26323c8bdd56b7587adb49ccde9b54f6c6d4f66c\material-icons-core-desktop-1.4.1.jar;C:\Users\choug\.gradle\caches\modules-2\files-2.1\org.jetbrains.compose.runtime\runtime-desktop\1.4.1\b268d41542ceb3c8d5d101222c14330874c5d8e6\runtime-desktop-1.4.1.jar;C:\Users\choug\.gradle\caches\modules-2\files-2.1\org.jetbrains.compose.ui\ui-text-desktop\1.4.1\d8c913f93cf15ebd065996473e228c5353b0d94d\ui-text-desktop-1.4.1.jar;C:\Users\choug\.gradle\caches\modules-2\files-2.1\org.jetbrains.compose.ui\ui-graphics-desktop\1.4.1\3b05e5c92bb6a4e92266359905c7e0866fdcc3ea\ui-graphics-desktop-1.4.1.jar;C:\Users\choug\.gradle\caches\modules-2\files-2.1\org.jetbrains.compose.material\material-desktop\1.4.1\f478f814ee2fb95aba5a206e48c33b912cc66ff1\material-desktop-1.4.1.jar;C:\Users\choug\.gradle\caches\modules-2\files-2.1\org.jetbrains.compose.ui\ui-tooling-preview-desktop\1.4.1\16e8e3a0dd0d52b5e4877a54bc345668ba23428d\ui-tooling-preview-desktop-1.4.1.jar;C:\Users\choug\.gradle\caches\modules-2\files-2.1\org.jetbrains.compose.ui\ui-desktop\1.4.1\5005c7404c035c267cac2ec8b9dd08ca65766a04\ui-desktop-1.4.1.jar;C:\Users\choug\.gradle\caches\modules-2\files-2.1\org.kotlincrypto.core\common-jvm\0.4.0\38f870193832fa77ffc743951cd59d127cde0389\common-jvm-0.4.0.jar;C:\Users\choug\.gradle\caches\modules-2\files-2.1\org.jetbrains.compose.animation\animation-desktop\1.4.1\1155347d9aa6281e0805cb5b9707ed7e89e345b1\animation-desktop-1.4.1.jar;C:\Users\choug\.gradle\caches\modules-2\files-2.1\org.jetbrains.skiko\skiko-awt\0.7.63\4da1aa9929b9cc7d10295db9d71aec62c34c7842\skiko-awt-0.7.63.jar;C:\Users\choug\.gradle\caches\modules-2\files-2.1\org.jetbrains.kotlinx\kotlinx-coroutines-core-jvm\1.6.4\2c997cd1c0ef33f3e751d3831929aeff1390cb30\kotlinx-coroutines-core-jvm-1.6.4.jar;C:\Users\choug\.gradle\caches\modules-2\files-2.1\org.jetbrains.compose.ui\ui-unit-desktop\1.4.1\ce79e803d4f0b33631c958f64ff36a7010580d16\ui-unit-desktop-1.4.1.jar;C:\Users\choug\.gradle\caches\modules-2\files-2.1\org.jetbrains.compose.animation\animation-core-desktop\1.4.1\44c90efd68332262293d06a2c07585cc7b9fa8b5\animation-core-desktop-1.4.1.jar;C:\Users\choug\.gradle\caches\modules-2\files-2.1\org.jetbrains.compose.runtime\runtime-saveable-desktop\1.4.1\2bb14fd8fe4ab551a04330a4431187de2ecb1c2a\runtime-saveable-desktop-1.4.1.jar;C:\Users\choug\.gradle\caches\modules-2\files-2.1\org.jetbrains.compose.ui\ui-geometry-desktop\1.4.1\81ea1ab414ba9926972708e9f4ca7ac499cd9137\ui-geometry-desktop-1.4.1.jar;C:\Users\choug\.gradle\caches\modules-2\files-2.1\org.jetbrains.compose.foundation\foundation-layout-desktop\1.4.1\24afb95a5aa95d3fd0b7379ad7555931ce739f0c\foundation-layout-desktop-1.4.1.jar;C:\Users\choug\.gradle\caches\modules-2\files-2.1\org.jetbrains.skiko\skiko-awt-runtime-windows-x64\0.7.63\a1e930529804f43fff759466a08acdafcc8909a1\skiko-awt-runtime-windows-x64-0.7.63.jar;C:\Users\choug\.gradle\caches\modules-2\files-2.1\org.jetbrains.compose.ui\ui-util-desktop\1.4.1\3c3db20f77732f5874778c90cb589aba74ca81f3\ui-util-desktop-1.4.1.jar;C:\Users\choug\.gradle\caches\modules-2\files-2.1\org.kotlincrypto.endians\endians-jvm\0.2.0\bb45f65816afe15b6dc9ae9ea31cbcf32fc54b02\endians-jvm-0.2.0.jar;C:\Users\choug\.gradle\caches\modules-2\files-2.1\org.kotlincrypto.sponges\keccak-jvm\0.2.0\49cc2614e59fe81b3092233fe0e27f6febbae227\keccak-jvm-0.2.0.jar;C:\Users\choug\.gradle\caches\modules-2\files-2.1\org.jetbrains.kotlinx\atomicfu-jvm\0.17.0\d3d2e380b6ee28231118101d09ae6dd06a1db1cb\atomicfu-jvm-0.17.0.jar;C:\Users\choug\AppData\Local\Programs\IntelliJ IDEA Ultimate\lib\idea_rt.jar
Launcher Type: SUN_STANDARD

[Global flags]
     intx CICompilerCount                          = 12                                        {product} {ergonomic}
     uint ConcGCThreads                            = 4                                         {product} {ergonomic}
     uint G1ConcRefinementThreads                  = 15                                        {product} {ergonomic}
   size_t G1HeapRegionSize                         = 4194304                                   {product} {ergonomic}
    uintx GCDrainStackTargetSize                   = 64                                        {product} {ergonomic}
   size_t InitialHeapSize                          = 536870912                                 {product} {ergonomic}
   size_t MarkStackSize                            = 4194304                                   {product} {ergonomic}
   size_t MaxHeapSize                              = 8547991552                                {product} {ergonomic}
   size_t MaxNewSize                               = 5125439488                                {product} {ergonomic}
   size_t MinHeapDeltaBytes                        = 4194304                                   {product} {ergonomic}
   size_t MinHeapSize                              = 8388608                                   {product} {ergonomic}
    uintx NonNMethodCodeHeapSize                   = 7602480                                {pd product} {ergonomic}
    uintx NonProfiledCodeHeapSize                  = 122027880                              {pd product} {ergonomic}
    uintx ProfiledCodeHeapSize                     = 122027880                              {pd product} {ergonomic}
    uintx ReservedCodeCacheSize                    = 251658240                              {pd product} {ergonomic}
     bool SegmentedCodeCache                       = true                                      {product} {ergonomic}
   size_t SoftMaxHeapSize                          = 8547991552                             {manageable} {ergonomic}
     bool UseCompressedClassPointers               = true                           {product lp64_product} {ergonomic}
     bool UseCompressedOops                        = true                           {product lp64_product} {ergonomic}
     bool UseG1GC                                  = true                                      {product} {ergonomic}
     bool UseLargePagesIndividualAllocation        = false                                  {pd product} {ergonomic}

Logging:
Log output configuration:
 #0: stdout all=warning uptime,level,tags foldmultilines=false
 #1: stderr all=off uptime,level,tags foldmultilines=false

Environment Variables:
JAVA_HOME=C:\Program Files\Java\jdk-21
PATH=C:\Program Files\Common Files\Oracle\Java\javapath;C:\Windows\system32;C:\Windows;C:\Windows\System32\Wbem;C:\Windows\System32\WindowsPowerShell\v1.0\;C:\Windows\System32\OpenSSH\;C:\Program Files\MATLAB\R2023b\bin;C:\Program Files (x86)\Pulse Secure\VC142.CRT\X64\;C:\Program Files (x86)\Pulse Secure\VC142.CRT\X86\;C:\Program Files (x86)\Common Files\Pulse Secure\TNC Client Plugin\;C:\MinGW\mingw64\bin;C:\Program Files\Git\cmd;C:\Program Files\TortoiseSVN\bin;C:\SysGCC\risc-v-2\bin;C:\Program Files\Oracle\VirtualBox;C:\Program Files (x86)\Windows Kits\10\Windows Performance Toolkit\;C:\Program Files\Microsoft Visual Studio\2022\Community\VC\vcpkg;C:\Program Files\nodejs\;C:\Users\choug\anaconda3;C:\Users\choug\anaconda3\Library\mingw-w64\bin;C:\Users\choug\anaconda3\Library\usr\bin;C:\Users\choug\anaconda3\Library\bin;C:\Users\choug\anaconda3\Scripts;C:\Users\choug\AppData\Local\Microsoft\WindowsApps;C:\Users\choug\AppData\Local\Programs\Microsoft VS Code\bin;C:\Users\choug\AppData\Local\JetBrains\Toolbox\scripts;C:\Users\choug\AppData\Local\GitHubDesktop\bin;C:\intelFPGA_lite\23.1std\questa_fse\win64;C:\Users\choug\AppData\Roaming\npm
USERNAME=choug
OS=Windows_NT
PROCESSOR_IDENTIFIER=Intel64 Family 6 Model 186 Stepping 2, GenuineIntel



---------------  S Y S T E M  ---------------

OS:
 Windows 11 , 64 bit Build 22621 (10.0.22621.3235)
OS uptime: 8 days 7:45 hours
Hyper-V role detected

CPU: total 20 (initial active 20) (10 cores per cpu, 2 threads per core) family 6 model 186 stepping 2 microcode 0x4118, cx8, cmov, fxsr, ht, mmx, 3dnowpref, sse, sse2, sse3, ssse3, sse4.1, sse4.2, popcnt, lzcnt, tsc, tscinvbit, avx, avx2, aes, erms, clmul, bmi1, bmi2, adx, sha, fma, vzeroupper, clflush, clflushopt, clwb, hv, serialize

Memory: 4k page, system-wide physical 32592M (17400M free)
TotalPageFile size 37456M (AvailPageFile size 18821M)
current process WorkingSet (physical memory assigned to process): 177M, peak: 179M
current process commit charge ("private bytes"): 701M, peak: 701M

vm_info: Java HotSpot(TM) 64-Bit Server VM (18.0.2.1+1-1) for windows-amd64 JRE (18.0.2.1+1-1), built on Aug 16 2022 01:46:33 by "mach5one" with MS VC++ 16.8 / 16.9 (VS2019)

END.
